#
# There is insufficient memory for the Java Runtime Environment to continue.
# Native memory allocation (malloc) failed to allocate 32744 bytes for ChunkPool::allocate
# Possible reasons:
#   The system is out of physical RAM or swap space
#   In 32 bit mode, the process size limit was hit
# Possible solutions:
#   Reduce memory load on the system
#   Increase physical memory or swap space
#   Check if swap backing store is full
#   Use 64 bit Java on a 64 bit OS
#   Decrease Java heap size (-Xmx/-Xms)
#   Decrease number of Java threads
#   Decrease Java thread stack sizes (-Xss)
#   Set larger code cache with -XX:ReservedCodeCacheSize=
# This output file may be truncated or incomplete.
#
#  Out of Memory Error (allocation.cpp:273), pid=7484, tid=5940
#
# JRE version: Java(TM) SE Runtime Environment (8.0_45-b14) (build 1.8.0_45-b14)
# Java VM: Java HotSpot(TM) 64-Bit Server VM (25.45-b02 mixed mode windows-amd64 compressed oops)
# Failed to write core dump. Minidumps are not enabled by default on client versions of Windows
#

---------------  T H R E A D  ---------------

Current thread (0x0000000017f86800):  JavaThread "C1 CompilerThread2" daemon [_thread_in_native, id=5940, stack(0x0000000019b80000,0x0000000019c80000)]

Stack: [0x0000000019b80000,0x0000000019c80000]
Native frames: (J=compiled Java code, j=interpreted, Vv=VM code, C=native code)
V  [jvm.dll+0x32b57a]
V  [jvm.dll+0x279873]
V  [jvm.dll+0x27a509]
V  [jvm.dll+0x271825]
V  [jvm.dll+0xcb804]
V  [jvm.dll+0xcba27]
V  [jvm.dll+0xcbeac]
V  [jvm.dll+0x41f7c2]
V  [jvm.dll+0x42739b]
V  [jvm.dll+0x405e70]
V  [jvm.dll+0x406240]
V  [jvm.dll+0x406372]
V  [jvm.dll+0x406541]
V  [jvm.dll+0x40674f]
V  [jvm.dll+0xa4352]
V  [jvm.dll+0xa4c8f]
V  [jvm.dll+0x241984]
V  [jvm.dll+0x29853a]
C  [msvcr100.dll+0x21d9f]
C  [msvcr100.dll+0x21e3b]
C  [KERNEL32.DLL+0x17bd4]
C  [ntdll.dll+0x6ced1]


Current CompileTask:
C1:   9795 5281       2       sun.misc.ProxyGenerator::checkReturnTypes (295 bytes)


---------------  P R O C E S S  ---------------

Java Threads: ( => current thread )
  0x0000000021cb0000 JavaThread "mysql-cj-abandoned-connection-cleanup" daemon [_thread_blocked, id=1540, stack(0x000000001e670000,0x000000001e770000)]
  0x0000000023141000 JavaThread "Thread-3" daemon [_thread_in_native, id=3100, stack(0x000000001e320000,0x000000001e420000)]
  0x000000001a16a800 JavaThread "localhost-startStop-1" daemon [_thread_blocked, id=11552, stack(0x000000001e890000,0x000000001e990000)]
  0x000000001da76000 JavaThread "Tomcat-startStop-1" daemon [_thread_blocked, id=6172, stack(0x000000001e790000,0x000000001e890000)]
  0x0000000019339800 JavaThread "Service Thread" daemon [_thread_blocked, id=12000, stack(0x0000000019c80000,0x0000000019d80000)]
=>0x0000000017f86800 JavaThread "C1 CompilerThread2" daemon [_thread_in_native, id=5940, stack(0x0000000019b80000,0x0000000019c80000)]
  0x0000000017f7f000 JavaThread "C2 CompilerThread1" daemon [_thread_in_native, id=8796, stack(0x0000000019a80000,0x0000000019b80000)]
  0x0000000017f7b800 JavaThread "C2 CompilerThread0" daemon [_thread_in_native, id=12252, stack(0x0000000019980000,0x0000000019a80000)]
  0x0000000017f7a000 JavaThread "Monitor Ctrl-Break" daemon [_thread_in_native, id=6412, stack(0x0000000019880000,0x0000000019980000)]
  0x0000000017f42000 JavaThread "Attach Listener" daemon [_thread_blocked, id=3292, stack(0x0000000019780000,0x0000000019880000)]
  0x0000000017f4c000 JavaThread "Signal Dispatcher" daemon [_thread_blocked, id=4072, stack(0x0000000019680000,0x0000000019780000)]
  0x0000000003459800 JavaThread "Finalizer" daemon [_thread_blocked, id=9036, stack(0x0000000019180000,0x0000000019280000)]
  0x0000000003451000 JavaThread "Reference Handler" daemon [_thread_blocked, id=376, stack(0x0000000019080000,0x0000000019180000)]
  0x0000000003362800 JavaThread "main" [_thread_blocked, id=4276, stack(0x00000000014f0000,0x00000000015f0000)]

Other Threads:
  0x0000000017ef8000 VMThread [stack: 0x0000000018f80000,0x0000000019080000] [id=6392]
  0x000000001934e000 WatcherThread [stack: 0x0000000019d80000,0x0000000019e80000] [id=13320]

VM state:at safepoint (normal execution)

VM Mutex/Monitor currently owned by a thread:  ([mutex/lock_event])
[0x000000000325dfb0] Threads_lock - owner thread: 0x0000000017ef8000
[0x00000000033616d0] Heap_lock - owner thread: 0x000000001a16a800

Heap:
 PSYoungGen      total 267776K, used 4701K [0x00000000d6100000, 0x00000000eb500000, 0x0000000100000000)
  eden space 250880K, 0% used [0x00000000d6100000,0x00000000d6100000,0x00000000e5600000)
  from space 16896K, 27% used [0x00000000e5600000,0x00000000e5a976d0,0x00000000e6680000)
  to   space 27136K, 0% used [0x00000000e9a80000,0x00000000e9a80000,0x00000000eb500000)
 ParOldGen       total 67584K, used 46280K [0x0000000082200000, 0x0000000086400000, 0x00000000d6100000)
  object space 67584K, 68% used [0x0000000082200000,0x0000000084f323c8,0x0000000086400000)
 Metaspace       used 36696K, capacity 37576K, committed 37760K, reserved 1087488K
  class space    used 4435K, capacity 4697K, committed 4736K, reserved 1048576K

Card table byte_map: [0x0000000012820000,0x0000000012c10000] byte_map_base: 0x000000001240f000

Marking Bits: (ParMarkBitMap*) 0x000000005e014040
 Begin Bits: [0x00000000132b0000, 0x0000000015228000)
 End Bits:   [0x0000000015228000, 0x00000000171a0000)

Polling page: 0x00000000030e0000

CodeCache: size=245760Kb used=13906Kb max_used=14173Kb free=231853Kb
 bounds [0x0000000003460000, 0x0000000004240000, 0x0000000012460000]
 total_blobs=5047 nmethods=4606 adapters=353
 compilation: enabled

Compilation events (10 events):
Event: 9.729 Thread 0x0000000017f86800 nmethod 5272 0x00000000037fe6d0 code [0x00000000037fe820, 0x00000000037fe930]
Event: 9.730 Thread 0x0000000017f86800 5276       2       java.util.Collections$3::hasMoreElements (10 bytes)
Event: 9.730 Thread 0x0000000017f86800 nmethod 5276 0x0000000003edd8d0 code [0x0000000003edda40, 0x0000000003eddbc8]
Event: 9.734 Thread 0x0000000017f86800 5278       2       java.util.logging.LogManager$LogNode::<init> (15 bytes)
Event: 9.734 Thread 0x0000000017f86800 nmethod 5278 0x0000000003722810 code [0x0000000003722960, 0x0000000003722ad0]
Event: 9.747 Thread 0x0000000017f86800 5279       2       sun.misc.ProxyGenerator::code_ipush (90 bytes)
Event: 9.747 Thread 0x0000000017f86800 nmethod 5279 0x00000000036af3d0 code [0x00000000036af5a0, 0x00000000036afa08]
Event: 9.763 Thread 0x0000000017f86800 5280       2       sun.misc.ProxyGenerator::access$408 (12 bytes)
Event: 9.763 Thread 0x0000000017f86800 nmethod 5280 0x00000000035fb690 code [0x00000000035fb7e0, 0x00000000035fb910]
Event: 9.763 Thread 0x0000000017f86800 5281       2       sun.misc.ProxyGenerator::checkReturnTypes (295 bytes)

GC Heap History (10 events):
Event: 6.057 GC heap before
{Heap before GC invocations=9 (full 1):
 PSYoungGen      total 141824K, used 130560K [0x00000000d6100000, 0x00000000e7700000, 0x0000000100000000)
  eden space 130560K, 100% used [0x00000000d6100000,0x00000000de080000,0x00000000de080000)
  from space 11264K, 0% used [0x00000000de080000,0x00000000de080000,0x00000000deb80000)
  to   space 11776K, 0% used [0x00000000e6b80000,0x00000000e6b80000,0x00000000e7700000)
 ParOldGen       total 67584K, used 16094K [0x0000000082200000, 0x0000000086400000, 0x00000000d6100000)
  object space 67584K, 23% used [0x0000000082200000,0x00000000831b7a00,0x0000000086400000)
 Metaspace       used 24542K, capacity 25188K, committed 25344K, reserved 1071104K
  class space    used 2814K, capacity 2975K, committed 3072K, reserved 1048576K
Event: 6.082 GC heap after
Heap after GC invocations=9 (full 1):
 PSYoungGen      total 222720K, used 11773K [0x00000000d6100000, 0x00000000e7700000, 0x0000000100000000)
  eden space 210944K, 0% used [0x00000000d6100000,0x00000000d6100000,0x00000000e2f00000)
  from space 11776K, 99% used [0x00000000e6b80000,0x00000000e76ff568,0x00000000e7700000)
  to   space 16896K, 0% used [0x00000000e5600000,0x00000000e5600000,0x00000000e6680000)
 ParOldGen       total 67584K, used 25275K [0x0000000082200000, 0x0000000086400000, 0x00000000d6100000)
  object space 67584K, 37% used [0x0000000082200000,0x0000000083aaeca8,0x0000000086400000)
 Metaspace       used 24542K, capacity 25188K, committed 25344K, reserved 1071104K
  class space    used 2814K, capacity 2975K, committed 3072K, reserved 1048576K
}
Event: 6.936 GC heap before
{Heap before GC invocations=10 (full 1):
 PSYoungGen      total 222720K, used 222717K [0x00000000d6100000, 0x00000000e7700000, 0x0000000100000000)
  eden space 210944K, 100% used [0x00000000d6100000,0x00000000e2f00000,0x00000000e2f00000)
  from space 11776K, 99% used [0x00000000e6b80000,0x00000000e76ff568,0x00000000e7700000)
  to   space 16896K, 0% used [0x00000000e5600000,0x00000000e5600000,0x00000000e6680000)
 ParOldGen       total 67584K, used 25275K [0x0000000082200000, 0x0000000086400000, 0x00000000d6100000)
  object space 67584K, 37% used [0x0000000082200000,0x0000000083aaeca8,0x0000000086400000)
 Metaspace       used 24548K, capacity 25188K, committed 25344K, reserved 1071104K
  class space    used 2814K, capacity 2975K, committed 3072K, reserved 1048576K
Event: 6.969 GC heap after
Heap after GC invocations=10 (full 1):
 PSYoungGen      total 267776K, used 16892K [0x00000000d6100000, 0x00000000eb500000, 0x0000000100000000)
  eden space 250880K, 0% used [0x00000000d6100000,0x00000000d6100000,0x00000000e5600000)
  from space 16896K, 99% used [0x00000000e5600000,0x00000000e667f1f0,0x00000000e6680000)
  to   space 27136K, 0% used [0x00000000e9a80000,0x00000000e9a80000,0x00000000eb500000)
 ParOldGen       total 67584K, used 45315K [0x0000000082200000, 0x0000000086400000, 0x00000000d6100000)
  object space 67584K, 67% used [0x0000000082200000,0x0000000084e40cd8,0x0000000086400000)
 Metaspace       used 24548K, capacity 25188K, committed 25344K, reserved 1071104K
  class space    used 2814K, capacity 2975K, committed 3072K, reserved 1048576K
}
Event: 7.761 GC heap before
{Heap before GC invocations=11 (full 1):
 PSYoungGen      total 267776K, used 267772K [0x00000000d6100000, 0x00000000eb500000, 0x0000000100000000)
  eden space 250880K, 100% used [0x00000000d6100000,0x00000000e5600000,0x00000000e5600000)
  from space 16896K, 99% used [0x00000000e5600000,0x00000000e667f1f0,0x00000000e6680000)
  to   space 27136K, 0% used [0x00000000e9a80000,0x00000000e9a80000,0x00000000eb500000)
 ParOldGen       total 67584K, used 45315K [0x0000000082200000, 0x0000000086400000, 0x00000000d6100000)
  object space 67584K, 67% used [0x0000000082200000,0x0000000084e40cd8,0x0000000086400000)
 Metaspace       used 24557K, capacity 25252K, committed 25600K, reserved 1071104K
  class space    used 2814K, capacity 2975K, committed 3072K, reserved 1048576K
Event: 7.809 GC heap after
Heap after GC invocations=11 (full 1):
 PSYoungGen      total 278016K, used 27121K [0x00000000d6100000, 0x00000000eb500000, 0x0000000100000000)
  eden space 250880K, 0% used [0x00000000d6100000,0x00000000d6100000,0x00000000e5600000)
  from space 27136K, 99% used [0x00000000e9a80000,0x00000000eb4fc678,0x00000000eb500000)
  to   space 16896K, 0% used [0x00000000e5600000,0x00000000e5600000,0x00000000e6680000)
 ParOldGen       total 67584K, used 65407K [0x0000000082200000, 0x0000000086400000, 0x00000000d6100000)
  object space 67584K, 96% used [0x0000000082200000,0x00000000861dfcc0,0x0000000086400000)
 Metaspace       used 24557K, capacity 25252K, committed 25600K, reserved 1071104K
  class space    used 2814K, capacity 2975K, committed 3072K, reserved 1048576K
}
Event: 7.809 GC heap before
{Heap before GC invocations=12 (full 2):
 PSYoungGen      total 278016K, used 27121K [0x00000000d6100000, 0x00000000eb500000, 0x0000000100000000)
  eden space 250880K, 0% used [0x00000000d6100000,0x00000000d6100000,0x00000000e5600000)
  from space 27136K, 99% used [0x00000000e9a80000,0x00000000eb4fc678,0x00000000eb500000)
  to   space 16896K, 0% used [0x00000000e5600000,0x00000000e5600000,0x00000000e6680000)
 ParOldGen       total 67584K, used 65407K [0x0000000082200000, 0x0000000086400000, 0x00000000d6100000)
  object space 67584K, 96% used [0x0000000082200000,0x00000000861dfcc0,0x0000000086400000)
 Metaspace       used 24557K, capacity 25252K, committed 25600K, reserved 1071104K
  class space    used 2814K, capacity 2975K, committed 3072K, reserved 1048576K
Event: 7.898 GC heap after
Heap after GC invocations=12 (full 2):
 PSYoungGen      total 278016K, used 0K [0x00000000d6100000, 0x00000000eb500000, 0x0000000100000000)
  eden space 250880K, 0% used [0x00000000d6100000,0x00000000d6100000,0x00000000e5600000)
  from space 27136K, 0% used [0x00000000e9a80000,0x00000000e9a80000,0x00000000eb500000)
  to   space 16896K, 0% used [0x00000000e5600000,0x00000000e5600000,0x00000000e6680000)
 ParOldGen       total 67584K, used 59127K [0x0000000082200000, 0x0000000086400000, 0x00000000d6100000)
  object space 67584K, 87% used [0x0000000082200000,0x0000000085bbdec8,0x0000000086400000)
 Metaspace       used 24557K, capacity 25252K, committed 25600K, reserved 1071104K
  class space    used 2814K, capacity 2975K, committed 3072K, reserved 1048576K
}
Event: 9.137 GC heap before
{Heap before GC invocations=13 (full 3):
 PSYoungGen      total 278016K, used 250880K [0x00000000d6100000, 0x00000000eb500000, 0x0000000100000000)
  eden space 250880K, 100% used [0x00000000d6100000,0x00000000e5600000,0x00000000e5600000)
  from space 27136K, 0% used [0x00000000e9a80000,0x00000000e9a80000,0x00000000eb500000)
  to   space 16896K, 0% used [0x00000000e5600000,0x00000000e5600000,0x00000000e6680000)
 ParOldGen       total 67584K, used 59127K [0x0000000082200000, 0x0000000086400000, 0x00000000d6100000)
  object space 67584K, 87% used [0x0000000082200000,0x0000000085bbdec8,0x0000000086400000)
 Metaspace       used 32279K, capacity 33164K, committed 33536K, reserved 1079296K
  class space    used 3782K, capacity 4009K, committed 4096K, reserved 1048576K
Event: 9.295 GC heap after
Heap after GC invocations=13 (full 3):
 PSYoungGen      total 278016K, used 0K [0x00000000d6100000, 0x00000000eb500000, 0x0000000100000000)
  eden space 250880K, 0% used [0x00000000d6100000,0x00000000d6100000,0x00000000e5600000)
  from space 27136K, 0% used [0x00000000e9a80000,0x00000000e9a80000,0x00000000eb500000)
  to   space 16896K, 0% used [0x00000000e5600000,0x00000000e5600000,0x00000000e6680000)
 ParOldGen       total 67584K, used 46272K [0x0000000082200000, 0x0000000086400000, 0x00000000d6100000)
  object space 67584K, 68% used [0x0000000082200000,0x0000000084f303c8,0x0000000086400000)
 Metaspace       used 32279K, capacity 33164K, committed 33536K, reserved 1079296K
  class space    used 3782K, capacity 4009K, committed 4096K, reserved 1048576K
}

Deoptimization events (10 events):
Event: 9.460 Thread 0x0000000021cb0000 Uncommon trap: reason=unstable_if action=reinterpret pc=0x00000000035ed530 method=java.net.URLStreamHandler.parseURL(Ljava/net/URL;Ljava/lang/String;II)V @ 57
Event: 9.520 Thread 0x000000001a16a800 Uncommon trap: reason=unstable_if action=reinterpret pc=0x0000000003abb7b4 method=java.util.concurrent.ConcurrentHashMap.get(Ljava/lang/Object;)Ljava/lang/Object; @ 76
Event: 9.601 Thread 0x000000001a16a800 Uncommon trap: reason=unstable_if action=reinterpret pc=0x00000000039aa204 method=java.lang.AbstractStringBuilder.append(Ljava/lang/String;)Ljava/lang/AbstractStringBuilder; @ 1
Event: 9.601 Thread 0x000000001a16a800 Uncommon trap: reason=class_check action=maybe_recompile pc=0x0000000003a6d35c method=java.util.Hashtable.addEntry(ILjava/lang/Object;Ljava/lang/Object;I)V @ 38
Event: 9.601 Thread 0x000000001a16a800 Uncommon trap: reason=class_check action=maybe_recompile pc=0x0000000003a6d35c method=java.util.Hashtable.addEntry(ILjava/lang/Object;Ljava/lang/Object;I)V @ 38
Event: 9.601 Thread 0x000000001a16a800 Uncommon trap: reason=class_check action=maybe_recompile pc=0x0000000003a6d4e8 method=java.util.Hashtable.put(Ljava/lang/Object;Ljava/lang/Object;)Ljava/lang/Object; @ 60
Event: 9.603 Thread 0x000000001a16a800 Uncommon trap: reason=unstable_if action=reinterpret pc=0x0000000003efa720 method=sun.util.calendar.BaseCalendar.getFixedDate(IIILsun/util/calendar/BaseCalendar$Date;)J @ 33
Event: 9.610 Thread 0x000000001a16a800 Uncommon trap: reason=class_check action=maybe_recompile pc=0x0000000003a6d35c method=java.util.Hashtable.addEntry(ILjava/lang/Object;Ljava/lang/Object;I)V @ 38
Event: 9.685 Thread 0x000000001a16a800 Uncommon trap: reason=class_check action=maybe_recompile pc=0x0000000003c8ce4c method=java.util.Hashtable.addEntry(ILjava/lang/Object;Ljava/lang/Object;I)V @ 38
Event: 9.728 Thread 0x000000001a16a800 Uncommon trap: reason=unstable_if action=reinterpret pc=0x0000000003769b14 method=com.sun.org.apache.xerces.internal.impl.XMLEntityScanner.skipSpaces()Z @ 236

Internal exceptions (10 events):
Event: 9.592 Thread 0x000000001a16a800 Exception <a 'java/lang/ClassNotFoundException': org/apache/log4j/FileAppenderBeanInfo> (0x00000000d86148d8) thrown at [C:\re\workspace\8-2-build-windows-amd64-cygwin\jdk8u45\3457\hotspot\src\share\vm\classfile\systemDictionary.cpp, line 210]
Event: 9.593 Thread 0x000000001a16a800 Exception <a 'java/lang/ClassNotFoundException': org/apache/log4j/WriterAppenderBeanInfo> (0x00000000d8630fe8) thrown at [C:\re\workspace\8-2-build-windows-amd64-cygwin\jdk8u45\3457\hotspot\src\share\vm\classfile\systemDictionary.cpp, line 210]
Event: 9.594 Thread 0x000000001a16a800 Exception <a 'java/lang/ClassNotFoundException': org/apache/log4j/AppenderSkeletonBeanInfo> (0x00000000d864e078) thrown at [C:\re\workspace\8-2-build-windows-amd64-cygwin\jdk8u45\3457\hotspot\src\share\vm\classfile\systemDictionary.cpp, line 210]
Event: 9.595 Thread 0x000000001a16a800 Exception <a 'java/lang/ClassNotFoundException': org/apache/log4j/AppenderSkeletonCustomizer> (0x00000000d866c240) thrown at [C:\re\workspace\8-2-build-windows-amd64-cygwin\jdk8u45\3457\hotspot\src\share\vm\classfile\systemDictionary.cpp, line 210]
Event: 9.596 Thread 0x000000001a16a800 Exception <a 'java/lang/ClassNotFoundException': org/apache/log4j/WriterAppenderCustomizer> (0x00000000d869edc8) thrown at [C:\re\workspace\8-2-build-windows-amd64-cygwin\jdk8u45\3457\hotspot\src\share\vm\classfile\systemDictionary.cpp, line 210]
Event: 9.597 Thread 0x000000001a16a800 Exception <a 'java/lang/ClassNotFoundException': org/apache/log4j/FileAppenderCustomizer> (0x00000000d86c7a68) thrown at [C:\re\workspace\8-2-build-windows-amd64-cygwin\jdk8u45\3457\hotspot\src\share\vm\classfile\systemDictionary.cpp, line 210]
Event: 9.598 Thread 0x000000001a16a800 Exception <a 'java/lang/ClassNotFoundException': org/apache/log4j/DailyRollingFileAppenderCustomizer> (0x00000000d86f5040) thrown at [C:\re\workspace\8-2-build-windows-amd64-cygwin\jdk8u45\3457\hotspot\src\share\vm\classfile\systemDictionary.cpp, line 210]çü!wl3#@
Event: 9.600 Thread 0x000000001a16a800 Implicit null exception at 0x00000000039a9d22 to 0x00000000039aa1f5
Event: 9.732 Thread 0x000000001a16a800 Exception <a 'java/lang/ClassNotFoundException': com/sun/org/glassfish/hk2/osgiresourcelocator/ServiceLoader> (0x00000000d9348e00) thrown at [C:\re\workspace\8-2-build-windows-amd64-cygwin\jdk8u45\3457\hotspot\src\share\vm\classfile\systemDictionary.cpp, lN ë[8y#@
Event: 9.737 Thread 0x000000001a16a800 Exception <a 'java/lang/NullPointerException'> (0x00000000d937fda0) thrown at [C:\re\workspace\8-2-build-windows-amd64-cygwin\jdk8u45\3457\hotspot\src\share\vm\interpreter\linkResolver.cpp, line 1280]

Events (10 events):
Event: 9.762 loading class org/hibernate/boot/jaxb/cfg/spi/JaxbCfgMappingReferenceType
Event: 9.762 loading class org/hibernate/boot/jaxb/cfg/spi/JaxbCfgMappingReferenceType done
Event: 9.762 loading class org/hibernate/boot/jaxb/cfg/spi/JaxbCfgEntityCacheType
Event: 9.762 loading class org/hibernate/boot/jaxb/cfg/spi/JaxbCfgEntityCacheType done
Event: 9.763 loading class org/hibernate/boot/jaxb/cfg/spi/JaxbCfgCollectionCacheType
Event: 9.763 loading class org/hibernate/boot/jaxb/cfg/spi/JaxbCfgCollectionCacheType done
Event: 9.764 loading class org/hibernate/boot/jaxb/cfg/spi/JaxbCfgEventListenerGroupType
Event: 9.764 loading class org/hibernate/boot/jaxb/cfg/spi/JaxbCfgEventListenerGroupType done
Event: 9.764 loading class org/hibernate/boot/jaxb/cfg/spi/JaxbCfgEventListenerType
Event: 9.764 loading class org/hibernate/boot/jaxb/cfg/spi/JaxbCfgEventListenerType done


Dynamic libraries:
0x00007ff798810000 - 0x00007ff798847000 	C:\Program Files\Java\jdk1.8.0_45\bin\java.exe
0x00007ffa71020000 - 0x00007ffa71210000 	C:\WINDOWS\SYSTEM32\ntdll.dll
0x00007ffa700f0000 - 0x00007ffa701a2000 	C:\WINDOWS\System32\KERNEL32.DLL
0x00007ffa6eb90000 - 0x00007ffa6ee33000 	C:\WINDOWS\System32\KERNELBASE.dll
0x00007ffa70580000 - 0x00007ffa70623000 	C:\WINDOWS\System32\ADVAPI32.dll
0x00007ffa6f490000 - 0x00007ffa6f52e000 	C:\WINDOWS\System32\msvcrt.dll
0x00007ffa70f40000 - 0x00007ffa70fd7000 	C:\WINDOWS\System32\sechost.dll
0x00007ffa6fcd0000 - 0x00007ffa6fdf0000 	C:\WINDOWS\System32\RPCRT4.dll
0x00007ffa70d30000 - 0x00007ffa70ec4000 	C:\WINDOWS\System32\USER32.dll
0x00007ffa6dfe0000 - 0x00007ffa6e001000 	C:\WINDOWS\System32\win32u.dll
0x00007ffa6ff50000 - 0x00007ffa6ff76000 	C:\WINDOWS\System32\GDI32.dll
0x00007ffa6e9f0000 - 0x00007ffa6eb84000 	C:\WINDOWS\System32\gdi32full.dll
0x00007ffa6eee0000 - 0x00007ffa6ef7e000 	C:\WINDOWS\System32\msvcp_win.dll
0x00007ffa6e010000 - 0x00007ffa6e10a000 	C:\WINDOWS\System32\ucrtbase.dll
0x00007ffa5f4c0000 - 0x00007ffa5f745000 	C:\WINDOWS\WinSxS\amd64_microsoft.windows.common-controls_6595b64144ccf1df_6.0.18362.720_none_e6beb5c51314836b\COMCTL32.dll
0x00007ffa6f150000 - 0x00007ffa6f486000 	C:\WINDOWS\System32\combase.dll
0x00007ffa6ee60000 - 0x00007ffa6eee0000 	C:\WINDOWS\System32\bcryptPrimitives.dll
0x00007ffa70450000 - 0x00007ffa7047e000 	C:\WINDOWS\System32\IMM32.DLL
0x000000005e0a0000 - 0x000000005e172000 	C:\Program Files\Java\jdk1.8.0_45\jre\bin\msvcr100.dll
0x000000005d810000 - 0x000000005e093000 	C:\Program Files\Java\jdk1.8.0_45\jre\bin\server\jvm.dll
0x00007ffa70570000 - 0x00007ffa70578000 	C:\WINDOWS\System32\PSAPI.DLL
0x00007ffa6bf30000 - 0x00007ffa6bf54000 	C:\WINDOWS\SYSTEM32\WINMM.dll
0x00007ffa68440000 - 0x00007ffa6844a000 	C:\WINDOWS\SYSTEM32\VERSION.dll
0x00007ffa66ef0000 - 0x00007ffa66ef9000 	C:\WINDOWS\SYSTEM32\WSOCK32.dll
0x00007ffa701b0000 - 0x00007ffa7021f000 	C:\WINDOWS\System32\WS2_32.dll
0x00007ffa6bf00000 - 0x00007ffa6bf2d000 	C:\WINDOWS\SYSTEM32\winmmbase.dll
0x00007ffa6e170000 - 0x00007ffa6e1ba000 	C:\WINDOWS\System32\cfgmgr32.dll
0x000000005d800000 - 0x000000005d80f000 	C:\Program Files\Java\jdk1.8.0_45\jre\bin\verify.dll
0x000000005d7d0000 - 0x000000005d7f9000 	C:\Program Files\Java\jdk1.8.0_45\jre\bin\java.dll
0x000000005d630000 - 0x000000005d653000 	C:\Program Files\Java\jdk1.8.0_45\jre\bin\instrument.dll
0x000000005d7b0000 - 0x000000005d7c6000 	C:\Program Files\Java\jdk1.8.0_45\jre\bin\zip.dll
0x00007ffa70630000 - 0x00007ffa70d15000 	C:\WINDOWS\System32\SHELL32.dll
0x00007ffa6f600000 - 0x00007ffa6f6a9000 	C:\WINDOWS\System32\shcore.dll
0x00007ffa6e270000 - 0x00007ffa6e9f0000 	C:\WINDOWS\System32\windows.storage.dll
0x00007ffa6df60000 - 0x00007ffa6df83000 	C:\WINDOWS\System32\profapi.dll
0x00007ffa6df10000 - 0x00007ffa6df5a000 	C:\WINDOWS\System32\powrprof.dll
0x00007ffa6dee0000 - 0x00007ffa6def0000 	C:\WINDOWS\System32\UMPDC.dll
0x00007ffa6ff80000 - 0x00007ffa6ffd2000 	C:\WINDOWS\System32\shlwapi.dll
0x00007ffa6def0000 - 0x00007ffa6df01000 	C:\WINDOWS\System32\kernel.appcore.dll
0x00007ffa6ee40000 - 0x00007ffa6ee57000 	C:\WINDOWS\System32\cryptsp.dll
0x00007ffa5dd40000 - 0x00007ffa5dd5a000 	C:\Program Files\JetBrains\IntelliJ IDEA 2019.2.3\bin\breakgen64.dll
0x000000005d790000 - 0x000000005d7aa000 	C:\Program Files\Java\jdk1.8.0_45\jre\bin\net.dll
0x00007ffa6d750000 - 0x00007ffa6d7b7000 	C:\WINDOWS\system32\mswsock.dll
0x00007ffa6d2c0000 - 0x00007ffa6d2f3000 	C:\WINDOWS\system32\rsaenh.dll
0x00007ffa6dfb0000 - 0x00007ffa6dfd6000 	C:\WINDOWS\System32\bcrypt.dll
0x00007ffa6de00000 - 0x00007ffa6de25000 	C:\WINDOWS\SYSTEM32\USERENV.dll
0x00007ffa6d920000 - 0x00007ffa6d92c000 	C:\WINDOWS\SYSTEM32\CRYPTBASE.dll
0x00007ffa6d460000 - 0x00007ffa6d49a000 	C:\WINDOWS\SYSTEM32\IPHLPAPI.DLL
0x00007ffa70560000 - 0x00007ffa70568000 	C:\WINDOWS\System32\NSI.dll
0x00007ffa5d940000 - 0x00007ffa5d956000 	C:\WINDOWS\SYSTEM32\dhcpcsvc6.DLL
0x00007ffa5d6a0000 - 0x00007ffa5d6bc000 	C:\WINDOWS\SYSTEM32\dhcpcsvc.DLL
0x00007ffa6d4a0000 - 0x00007ffa6d56a000 	C:\WINDOWS\SYSTEM32\DNSAPI.dll
0x000000005d770000 - 0x000000005d781000 	C:\Program Files\Java\jdk1.8.0_45\jre\bin\nio.dll
0x00007ffa64610000 - 0x00007ffa6461a000 	C:\Users\–§À’¬◊\AppData\Local\Temp\jansi-1.17.1-1187166079110611200.dll
0x00007ffa607e0000 - 0x00007ffa607ea000 	C:\Users\–§À’¬◊\AppData\Local\Temp\jansi-1.17.1-1007144045607976059.dll
0x000000005d620000 - 0x000000005d62d000 	C:\Program Files\Java\jdk1.8.0_45\jre\bin\management.dll
0x00007ffa57b50000 - 0x00007ffa57b66000 	C:\WINDOWS\system32\napinsp.dll
0x00007ffa57b30000 - 0x00007ffa57b4a000 	C:\WINDOWS\system32\pnrpnsp.dll
0x00007ffa57b20000 - 0x00007ffa57b2e000 	C:\WINDOWS\System32\winrnr.dll
0x00007ffa6a630000 - 0x00007ffa6a64c000 	C:\WINDOWS\system32\NLAapi.dll
0x00007ffa57b00000 - 0x00007ffa57b15000 	C:\WINDOWS\system32\wshbth.dll
0x000000005e4c0000 - 0x000000005e4f5000 	C:\Program Files\Bonjour\mdnsNSP.dll
0x00007ffa57940000 - 0x00007ffa5794a000 	C:\Windows\System32\rasadhlp.dll
0x00007ffa5dde0000 - 0x00007ffa5de57000 	C:\WINDOWS\System32\fwpuclnt.dll
0x00007ffa59b70000 - 0x00007ffa59d64000 	C:\WINDOWS\SYSTEM32\dbghelp.dll

VM Arguments:
jvm_args: -Dmaven.multiModuleProjectDirectory=C:\Users\–§À’¬◊\Desktop\practice\ims_maven -Dmaven.home=C:\Program Files\JetBrains\IntelliJ IDEA 2019.2.3\plugins\maven\lib\maven3 -Dclassworlds.conf=C:\Program Files\JetBrains\IntelliJ IDEA 2019.2.3\plugins\maven\lib\maven3\bin\m2.conf -Dmaven.ext.class.path=C:\Program Files\JetBrains\IntelliJ IDEA 2019.2.3\plugins\maven\lib\maven-event-listener.jar -javaagent:C:\Program Files\JetBrains\IntelliJ IDEA 2019.2.3\lib\idea_rt.jar=57944:C:\Program Files\JetBrains\IntelliJ IDEA 2019.2.3\bin -Dfile.encoding=UTF-8 
java_command: org.codehaus.classworlds.Launcher -Didea.version2019.2.4 -s F:\apache-maven-3.6.3-bin\apache-maven-3.6.3\conf\settings.xml -Dmaven.repo.local=F:\apache-maven-3.6.3-bin\apache-maven-3.6.3\repo tomcat7:run
java_class_path (initial): C:\Program Files\JetBrains\IntelliJ IDEA 2019.2.3\plugins\maven\lib\maven3\boot\plexus-classworlds-2.6.0.jar;C:\Program Files\JetBrains\IntelliJ IDEA 2019.2.3\lib\idea_rt.jar
Launcher Type: SUN_STANDARD

Environment Variables:
JAVA_HOME=C:\Program Files\Java\jdk1.8.0_45
PATH=E:\oracle\product\10.2.0\db_1\bin;F:\MySQL\bin;C:\windows\system32;C:\Android;C:\Windows\System32;C:\WINDOWS\system32;C:\WINDOWS;C:\WINDOWS\System32\Wbem;C:\WINDOWS\System32\WindowsPowerShell\v1.0\;C:\WINDOWS\System32\OpenSSH\;C:\Program Files\dotnet\;C:\Program Files\Java\jdk1.8.0_45\bin;C:\Program Files\Java\jdk-11.0.3\bin;C:\Program Files\Java\jdk-11.0.3\jre\bin;C:\Users\–§À’¬◊\Desktop;D:\apache-tomcat-9.0.8\bin;F:\apache-maven-3.6.3-bin\apache-maven-3.6.3\bin;F:\apache-maven-3.6.3-bin\apache-maven-3.6.3\bin;C:\Users\–§À’¬◊\AppData\Local\Programs\Python\Python37-32\Scripts\;C:\Users\–§À’¬◊\AppData\Local\Programs\Python\Python37-32\;F:\MySQL\bin;C:\Users\–§À’¬◊\AppData\Local\Microsoft\WindowsApps;C:\Users\–§À’¬◊\AppData\Local\GitHubDesktop\bin;C:\Program Files\Bandizip\;C:\Program Files\Java\jdk-11.0.3\bin;
USERNAME=xiaosulun
OS=Windows_NT
PROCESSOR_IDENTIFIER=Intel64 Family 6 Model 94 Stepping 3, GenuineIntel



---------------  S Y S T E M  ---------------

OS: Windows 10.0 , 64 bit Build 18362 (10.0.18362.329)

CPU:total 4 (4 cores per cpu, 1 threads per core) family 6 model 94 stepping 3, cmov, cx8, fxsr, mmx, sse, sse2, sse3, ssse3, sse4.1, sse4.2, popcnt, avx, avx2, aes, clmul, erms, rtm, 3dnowpref, lzcnt, tsc, tscinvbit, bmi1, bmi2, adx

Memory: 4k page, physical 8247884k(729308k free), swap 8247884k(5124k free)

vm_info: Java HotSpot(TM) 64-Bit Server VM (25.45-b02) for windows-amd64 JRE (1.8.0_45-b14), built on Apr 10 2015 10:34:15 by "java_re" with MS VC++ 10.0 (VS2010)

time: Sun Apr 05 11:13:31 2020
elapsed time: 9 seconds (0d 0h 0m 9s)

