#
# There is insufficient memory for the Java Runtime Environment to continue.
# Native memory allocation (malloc) failed to allocate 296336 bytes for Chunk::new
# Possible reasons:
#   The system is out of physical RAM or swap space
#   In 32 bit mode, the process size limit was hit
# Possible solutions:
#   Reduce memory load on the system
#   Increase physical memory or swap space
#   Check if swap backing store is full
#   Use 64 bit Java on a 64 bit OS
#   Decrease Java heap size (-Xmx/-Xms)
#   Decrease number of Java threads
#   Decrease Java thread stack sizes (-Xss)
#   Set larger code cache with -XX:ReservedCodeCacheSize=
# This output file may be truncated or incomplete.
#
#  Out of Memory Error (allocation.cpp:390), pid=11240, tid=13736
#
# JRE version: Java(TM) SE Runtime Environment (8.0_45-b14) (build 1.8.0_45-b14)
# Java VM: Java HotSpot(TM) 64-Bit Server VM (25.45-b02 mixed mode windows-amd64 compressed oops)
# Failed to write core dump. Minidumps are not enabled by default on client versions of Windows
#

---------------  T H R E A D  ---------------

Current thread (0x0000000018f9f000):  JavaThread "C2 CompilerThread0" daemon [_thread_in_native, id=13736, stack(0x0000000019470000,0x0000000019570000)]

Stack: [0x0000000019470000,0x0000000019570000]
Native frames: (J=compiled Java code, j=interpreted, Vv=VM code, C=native code)
V  [jvm.dll+0x32b57a]


Current CompileTask:
C2:  30117 7204   !   4       java.lang.ClassLoader::getPackage (118 bytes)


---------------  P R O C E S S  ---------------

Java Threads: ( => current thread )
  0x000000001a01a800 JavaThread "http-bio-8080-exec-3" daemon [_thread_in_vm, id=8168, stack(0x0000000028020000,0x0000000028120000)]
  0x000000001a01f000 JavaThread "http-bio-8080-exec-2" daemon [_thread_blocked, id=5476, stack(0x000000001f380000,0x000000001f480000)]
  0x0000000020a7b800 JavaThread "http-bio-8080-exec-1" daemon [_thread_blocked, id=12836, stack(0x000000001f280000,0x000000001f380000)]
  0x0000000020a79000 JavaThread "http-bio-8080-AsyncTimeout" daemon [_thread_blocked, id=6328, stack(0x0000000027920000,0x0000000027a20000)]
  0x0000000020a78800 JavaThread "http-bio-8080-Acceptor-0" daemon [_thread_in_native, id=14152, stack(0x0000000027820000,0x0000000027920000)]
  0x0000000020a7f000 JavaThread "ContainerBackgroundProcessor[StandardEngine[Tomcat]]" daemon [_thread_blocked, id=13456, stack(0x0000000027720000,0x0000000027820000)]
  0x0000000020a7e800 JavaThread "cn%002exiao%002eidentity%002ebean%002e%0055ser.data" [_thread_blocked, id=13848, stack(0x0000000027420000,0x0000000027520000)]
  0x0000000020a7d000 JavaThread "org%002ehibernate%002ecache%002einternal%002e%0053tandard%0051uery%0043ache.data" [_thread_blocked, id=8676, stack(0x0000000027020000,0x0000000027120000)]
  0x0000000020a7a800 JavaThread "Statistics Thread-__DEFAULT__-1" daemon [_thread_blocked, id=13888, stack(0x0000000026f20000,0x0000000027020000)]
  0x0000000020a7a000 JavaThread "org%002ehibernate%002ecache%002espi%002e%0055pdate%0054imestamps%0043ache.data" [_thread_blocked, id=12456, stack(0x0000000026e20000,0x0000000026f20000)]
  0x0000000020a7d800 JavaThread "__DEFAULT__" daemon [_thread_blocked, id=9928, stack(0x0000000026d20000,0x0000000026e20000)]
  0x0000000020a7c000 JavaThread "C3P0PooledConnectionPoolManager[identityToken->1b612pna9htm2su1ba6r8d|4c0ef56d]-HelperThread-#2" daemon [_thread_blocked, id=11156, stack(0x0000000026140000,0x0000000026240000)]
  0x0000000020be6800 JavaThread "C3P0PooledConnectionPoolManager[identityToken->1b612pna9htm2su1ba6r8d|4c0ef56d]-HelperThread-#1" daemon [_thread_blocked, id=11636, stack(0x0000000026040000,0x0000000026140000)]
  0x000000001b8e6800 JavaThread "C3P0PooledConnectionPoolManager[identityToken->1b612pna9htm2su1ba6r8d|4c0ef56d]-HelperThread-#0" daemon [_thread_blocked, id=13752, stack(0x0000000025f40000,0x0000000026040000)]
  0x0000000019d05800 JavaThread "C3P0PooledConnectionPoolManager[identityToken->1b612pna9htm2su1ba6r8d|4c0ef56d]-AdminTaskTimer" daemon [_thread_blocked, id=4884, stack(0x000000001f8b0000,0x000000001f9b0000)]
  0x000000001a0bb000 JavaThread "mysql-cj-abandoned-connection-cleanup" daemon [_thread_blocked, id=5216, stack(0x000000001f180000,0x000000001f280000)]
  0x00000000249bc800 JavaThread "Thread-3" daemon [_thread_in_native, id=9980, stack(0x000000001cbc0000,0x000000001ccc0000)]
  0x0000000019031000 JavaThread "Service Thread" daemon [_thread_blocked, id=3884, stack(0x0000000019770000,0x0000000019870000)]
  0x0000000018fb0000 JavaThread "C1 CompilerThread2" daemon [_thread_blocked, id=14016, stack(0x0000000019670000,0x0000000019770000)]
  0x0000000018fa3800 JavaThread "C2 CompilerThread1" daemon [_thread_in_native, id=7696, stack(0x0000000019570000,0x0000000019670000)]
=>0x0000000018f9f000 JavaThread "C2 CompilerThread0" daemon [_thread_in_native, id=13736, stack(0x0000000019470000,0x0000000019570000)]
  0x0000000018f94000 JavaThread "Monitor Ctrl-Break" daemon [_thread_in_native, id=6692, stack(0x0000000019370000,0x0000000019470000)]
  0x0000000017a3a000 JavaThread "Attach Listener" daemon [_thread_blocked, id=5276, stack(0x0000000018e70000,0x0000000018f70000)]
  0x00000000179ef000 JavaThread "Signal Dispatcher" daemon [_thread_blocked, id=13172, stack(0x0000000018d70000,0x0000000018e70000)]
  0x0000000002f07800 JavaThread "Finalizer" daemon [_thread_blocked, id=12952, stack(0x0000000018c70000,0x0000000018d70000)]
  0x0000000002efe800 JavaThread "Reference Handler" daemon [_thread_blocked, id=12640, stack(0x0000000018b70000,0x0000000018c70000)]
  0x0000000002e12800 JavaThread "main" [_thread_blocked, id=7088, stack(0x0000000000f70000,0x0000000001070000)]

Other Threads:
  0x00000000179a8800 VMThread [stack: 0x0000000018a70000,0x0000000018b70000] [id=6532]
  0x000000001902c000 WatcherThread [stack: 0x0000000019870000,0x0000000019970000] [id=10184]

VM state:not at safepoint (normal execution)

VM Mutex/Monitor currently owned by a thread: None

Heap:
 PSYoungGen      total 364544K, used 1298K [0x00000000d6100000, 0x00000000f3d00000, 0x0000000100000000)
  eden space 324608K, 0% used [0x00000000d6100000,0x00000000d6244a18,0x00000000e9e00000)
  from space 39936K, 0% used [0x00000000e9e00000,0x00000000e9e00000,0x00000000ec500000)
  to   space 39936K, 0% used [0x00000000ec500000,0x00000000ec500000,0x00000000eec00000)
 ParOldGen       total 67584K, used 41323K [0x0000000082200000, 0x0000000086400000, 0x00000000d6100000)
  object space 67584K, 61% used [0x0000000082200000,0x0000000084a5ae50,0x0000000086400000)
 Metaspace       used 60034K, capacity 61194K, committed 61612K, reserved 1110016K
  class space    used 7269K, capacity 7557K, committed 7596K, reserved 1048576K

Card table byte_map: [0x00000000122d0000,0x00000000126c0000] byte_map_base: 0x0000000011ebf000

Marking Bits: (ParMarkBitMap*) 0x000000005e014040
 Begin Bits: [0x0000000012d60000, 0x0000000014cd8000)
 End Bits:   [0x0000000014cd8000, 0x0000000016c50000)

Polling page: 0x0000000000a70000

CodeCache: size=245760Kb used=18181Kb max_used=18555Kb free=227578Kb
 bounds [0x0000000002f10000, 0x0000000004150000, 0x0000000011f10000]
 total_blobs=6622 nmethods=6026 adapters=507
 compilation: enabled

Compilation events (10 events):
Event: 29.971 Thread 0x0000000018fb0000 nmethod 7210 0x0000000003d55f90 code [0x0000000003d56100, 0x0000000003d56390]
Event: 29.971 Thread 0x0000000018fb0000 7211       3       org.springframework.beans.factory.support.AbstractBeanFactory::isFactoryBean (35 bytes)
Event: 29.972 Thread 0x0000000018fb0000 nmethod 7211 0x0000000003ab1490 code [0x0000000003ab1620, 0x0000000003ab1b38]
Event: 29.972 Thread 0x0000000018fb0000 7212       3       org.springframework.beans.factory.support.DefaultSingletonBeanRegistry::containsSingleton (11 bytes)
Event: 29.973 Thread 0x0000000018fb0000 nmethod 7212 0x000000000367d4d0 code [0x000000000367d640, 0x000000000367d868]
Event: 29.975 Thread 0x0000000018fa3800 7213       4       java.lang.reflect.Method::getDeclaredAnnotations (5 bytes)
Event: 29.981 Thread 0x0000000018fa3800 nmethod 7213 0x0000000003145750 code [0x00000000031458e0, 0x0000000003145d28]
Event: 30.111 Thread 0x0000000018fa3800 7214       4       java.lang.Class::annotationData (44 bytes)
Event: 30.113 Thread 0x0000000018fb0000 7215       3       java.lang.Class$Atomic::casAnnotationData (13 bytes)
Event: 30.114 Thread 0x0000000018fb0000 nmethod 7215 0x0000000003ab1150 code [0x0000000003ab12a0, 0x0000000003ab1410]

GC Heap History (10 events):
Event: 27.068 GC heap before
{Heap before GC invocations=14 (full 3):
 PSYoungGen      total 299008K, used 272896K [0x00000000d6100000, 0x00000000f0700000, 0x0000000100000000)
  eden space 272896K, 100% used [0x00000000d6100000,0x00000000e6b80000,0x00000000e6b80000)
  from space 26112K, 0% used [0x00000000e9080000,0x00000000e9080000,0x00000000eaa00000)
  to   space 37888K, 0% used [0x00000000e6b80000,0x00000000e6b80000,0x00000000e9080000)
 ParOldGen       total 67584K, used 46750K [0x0000000082200000, 0x0000000086400000, 0x00000000d6100000)
  object space 67584K, 69% used [0x0000000082200000,0x0000000084fa7a18,0x0000000086400000)
 Metaspace       used 56008K, capacity 57102K, committed 57388K, reserved 1099776K
  class space    used 6916K, capacity 7180K, committed 7212K, reserved 1048576K
Event: 27.101 GC heap after
Heap after GC invocations=14 (full 3):
 PSYoungGen      total 310784K, used 27443K [0x00000000d6100000, 0x00000000eec00000, 0x0000000100000000)
  eden space 272896K, 0% used [0x00000000d6100000,0x00000000d6100000,0x00000000e6b80000)
  from space 37888K, 72% used [0x00000000e6b80000,0x00000000e864cd50,0x00000000e9080000)
  to   space 39936K, 0% used [0x00000000ec500000,0x00000000ec500000,0x00000000eec00000)
 ParOldGen       total 67584K, used 46758K [0x0000000082200000, 0x0000000086400000, 0x00000000d6100000)
  object space 67584K, 69% used [0x0000000082200000,0x0000000084fa9a18,0x0000000086400000)
 Metaspace       used 56008K, capacity 57102K, committed 57388K, reserved 1099776K
  class space    used 6916K, capacity 7180K, committed 7212K, reserved 1048576K
}
Event: 27.103 GC heap before
{Heap before GC invocations=15 (full 3):
 PSYoungGen      total 310784K, used 28896K [0x00000000d6100000, 0x00000000eec00000, 0x0000000100000000)
  eden space 272896K, 0% used [0x00000000d6100000,0x00000000d626b650,0x00000000e6b80000)
  from space 37888K, 72% used [0x00000000e6b80000,0x00000000e864cd50,0x00000000e9080000)
  to   space 39936K, 0% used [0x00000000ec500000,0x00000000ec500000,0x00000000eec00000)
 ParOldGen       total 67584K, used 46758K [0x0000000082200000, 0x0000000086400000, 0x00000000d6100000)
  object space 67584K, 69% used [0x0000000082200000,0x0000000084fa9a18,0x0000000086400000)
 Metaspace       used 56033K, capacity 57102K, committed 57388K, reserved 1099776K
  class space    used 6916K, capacity 7180K, committed 7212K, reserved 1048576K
Event: 27.123 GC heap after
Heap after GC invocations=15 (full 3):
 PSYoungGen      total 364544K, used 23402K [0x00000000d6100000, 0x00000000f3d00000, 0x0000000100000000)
  eden space 324608K, 0% used [0x00000000d6100000,0x00000000d6100000,0x00000000e9e00000)
  from space 39936K, 58% used [0x00000000ec500000,0x00000000edbda9d8,0x00000000eec00000)
  to   space 39936K, 0% used [0x00000000e9e00000,0x00000000e9e00000,0x00000000ec500000)
 ParOldGen       total 67584K, used 46766K [0x0000000082200000, 0x0000000086400000, 0x00000000d6100000)
  object space 67584K, 69% used [0x0000000082200000,0x0000000084faba18,0x0000000086400000)
 Metaspace       used 56033K, capacity 57102K, committed 57388K, reserved 1099776K
  class space    used 6916K, capacity 7180K, committed 7212K, reserved 1048576K
}
Event: 27.123 GC heap before
{Heap before GC invocations=16 (full 4):
 PSYoungGen      total 364544K, used 23402K [0x00000000d6100000, 0x00000000f3d00000, 0x0000000100000000)
  eden space 324608K, 0% used [0x00000000d6100000,0x00000000d6100000,0x00000000e9e00000)
  from space 39936K, 58% used [0x00000000ec500000,0x00000000edbda9d8,0x00000000eec00000)
  to   space 39936K, 0% used [0x00000000e9e00000,0x00000000e9e00000,0x00000000ec500000)
 ParOldGen       total 67584K, used 46766K [0x0000000082200000, 0x0000000086400000, 0x00000000d6100000)
  object space 67584K, 69% used [0x0000000082200000,0x0000000084faba18,0x0000000086400000)
 Metaspace       used 56033K, capacity 57102K, committed 57388K, reserved 1099776K
  class space    used 6916K, capacity 7180K, committed 7212K, reserved 1048576K
Event: 27.251 GC heap after
Heap after GC invocations=16 (full 4):
 PSYoungGen      total 364544K, used 0K [0x00000000d6100000, 0x00000000f3d00000, 0x0000000100000000)
  eden space 324608K, 0% used [0x00000000d6100000,0x00000000d6100000,0x00000000e9e00000)
  from space 39936K, 0% used [0x00000000ec500000,0x00000000ec500000,0x00000000eec00000)
  to   space 39936K, 0% used [0x00000000e9e00000,0x00000000e9e00000,0x00000000ec500000)
 ParOldGen       total 67584K, used 47423K [0x0000000082200000, 0x0000000086400000, 0x00000000d6100000)
  object space 67584K, 70% used [0x0000000082200000,0x000000008504fc70,0x0000000086400000)
 Metaspace       used 56015K, capacity 57062K, committed 57388K, reserved 1099776K
  class space    used 6909K, capacity 7168K, committed 7212K, reserved 1048576K
}
Event: 30.001 GC heap before
{Heap before GC invocations=17 (full 4):
 PSYoungGen      total 364544K, used 42676K [0x00000000d6100000, 0x00000000f3d00000, 0x0000000100000000)
  eden space 324608K, 13% used [0x00000000d6100000,0x00000000d8aad228,0x00000000e9e00000)
  from space 39936K, 0% used [0x00000000ec500000,0x00000000ec500000,0x00000000eec00000)
  to   space 39936K, 0% used [0x00000000e9e00000,0x00000000e9e00000,0x00000000ec500000)
 ParOldGen       total 67584K, used 47423K [0x0000000082200000, 0x0000000086400000, 0x00000000d6100000)
  object space 67584K, 70% used [0x0000000082200000,0x000000008504fc70,0x0000000086400000)
 Metaspace       used 59953K, capacity 61034K, committed 61356K, reserved 1110016K
  class space    used 7258K, capacity 7525K, committed 7596K, reserved 1048576K
Event: 30.007 GC heap after
Heap after GC invocations=17 (full 4):
 PSYoungGen      total 364544K, used 5275K [0x00000000d6100000, 0x00000000f3d00000, 0x0000000100000000)
  eden space 324608K, 0% used [0x00000000d6100000,0x00000000d6100000,0x00000000e9e00000)
  from space 39936K, 13% used [0x00000000e9e00000,0x00000000ea326e10,0x00000000ec500000)
  to   space 39936K, 0% used [0x00000000ec500000,0x00000000ec500000,0x00000000eec00000)
 ParOldGen       total 67584K, used 47431K [0x0000000082200000, 0x0000000086400000, 0x00000000d6100000)
  object space 67584K, 70% used [0x0000000082200000,0x0000000085051c70,0x0000000086400000)
 Metaspace       used 59953K, capacity 61034K, committed 61356K, reserved 1110016K
  class space    used 7258K, capacity 7525K, committed 7596K, reserved 1048576K
}
Event: 30.007 GC heap before
{Heap before GC invocations=18 (full 5):
 PSYoungGen      total 364544K, used 5275K [0x00000000d6100000, 0x00000000f3d00000, 0x0000000100000000)
  eden space 324608K, 0% used [0x00000000d6100000,0x00000000d6100000,0x00000000e9e00000)
  from space 39936K, 13% used [0x00000000e9e00000,0x00000000ea326e10,0x00000000ec500000)
  to   space 39936K, 0% used [0x00000000ec500000,0x00000000ec500000,0x00000000eec00000)
 ParOldGen       total 67584K, used 47431K [0x0000000082200000, 0x0000000086400000, 0x00000000d6100000)
  object space 67584K, 70% used [0x0000000082200000,0x0000000085051c70,0x0000000086400000)
 Metaspace       used 59953K, capacity 61034K, committed 61356K, reserved 1110016K
  class space    used 7258K, capacity 7525K, committed 7596K, reserved 1048576K
Event: 30.104 GC heap after
Heap after GC invocations=18 (full 5):
 PSYoungGen      total 364544K, used 0K [0x00000000d6100000, 0x00000000f3d00000, 0x0000000100000000)
  eden space 324608K, 0% used [0x00000000d6100000,0x00000000d6100000,0x00000000e9e00000)
  from space 39936K, 0% used [0x00000000e9e00000,0x00000000e9e00000,0x00000000ec500000)
  to   space 39936K, 0% used [0x00000000ec500000,0x00000000ec500000,0x00000000eec00000)
 ParOldGen       total 67584K, used 41323K [0x0000000082200000, 0x0000000086400000, 0x00000000d6100000)
  object space 67584K, 61% used [0x0000000082200000,0x0000000084a5ae50,0x0000000086400000)
 Metaspace       used 59953K, capacity 61034K, committed 61356K, reserved 1107968K
  class space    used 7258K, capacity 7525K, committed 7596K, reserved 1048576K
}

Deoptimization events (10 events):
Event: 27.623 Thread 0x0000000020a7b800 Uncommon trap: reason=class_check action=maybe_recompile pc=0x0000000003240684 method=java.util.HashMap.removeNode(ILjava/lang/Object;Ljava/lang/Object;ZZ)Ljava/util/HashMap$Node; @ 68
Event: 27.623 Thread 0x0000000020a7b800 Uncommon trap: reason=class_check action=maybe_recompile pc=0x0000000003240684 method=java.util.HashMap.removeNode(ILjava/lang/Object;Ljava/lang/Object;ZZ)Ljava/util/HashMap$Node; @ 68
Event: 27.623 Thread 0x0000000020a7b800 Uncommon trap: reason=class_check action=maybe_recompile pc=0x0000000003240684 method=java.util.HashMap.removeNode(ILjava/lang/Object;Ljava/lang/Object;ZZ)Ljava/util/HashMap$Node; @ 68
Event: 27.624 Thread 0x0000000020a7b800 Uncommon trap: reason=class_check action=maybe_recompile pc=0x0000000003240684 method=java.util.HashMap.removeNode(ILjava/lang/Object;Ljava/lang/Object;ZZ)Ljava/util/HashMap$Node; @ 68
Event: 27.634 Thread 0x0000000020a7b800 Uncommon trap: reason=unstable_if action=reinterpret pc=0x00000000036f13e0 method=java.io.BufferedOutputStream.write([BII)V @ 6
Event: 27.643 Thread 0x0000000020a7b800 Uncommon trap: reason=bimorphic action=maybe_recompile pc=0x0000000003fad268 method=java.security.SecureClassLoader.getProtectionDomain(Ljava/security/CodeSource;)Ljava/security/ProtectionDomain; @ 33
Event: 29.838 Thread 0x000000001a01a800 Uncommon trap: reason=unstable_if action=reinterpret pc=0x0000000004093acc method=com.sun.org.apache.xerces.internal.util.NamespaceSupport.pushContext()V @ 11
Event: 29.935 Thread 0x000000001a01a800 Uncommon trap: reason=unstable_if action=reinterpret pc=0x00000000040a5964 method=com.sun.org.apache.xerces.internal.dom.DeferredDocumentImpl.synchronizeChildren(Lcom/sun/org/apache/xerces/internal/dom/ParentNode;I)V @ 100
Event: 29.966 Thread 0x000000001a01a800 Uncommon trap: reason=unstable_if action=reinterpret pc=0x0000000003fe62fc method=com.sun.org.apache.xerces.internal.dom.ParentNode.nodeListItem(I)Lorg/w3c/dom/Node; @ 139
Event: 29.966 Thread 0x000000001a01a800 Uncommon trap: reason=unstable_if action=reinterpret pc=0x0000000003fe253c method=com.sun.org.apache.xerces.internal.dom.ParentNode.nodeListItem(I)Lorg/w3c/dom/Node; @ 139

Internal exceptions (10 events):
Event: 29.815 Thread 0x000000001a01a800 Exception <a 'java/lang/ClassNotFoundException': javax/servlet/GenericServletBeanInfo> (0x00000000d7ef9708) thrown at [C:\re\workspace\8-2-build-windows-amd64-cygwin\jdk8u45\3457\hotspot\src\share\vm\classfile\systemDictionary.cpp, line 210]
Event: 29.815 Thread 0x000000001a01a800 Exception <a 'java/lang/ClassNotFoundException': javax/servlet/GenericServletCustomizer> (0x00000000d7f0cca0) thrown at [C:\re\workspace\8-2-build-windows-amd64-cygwin\jdk8u45\3457\hotspot\src\share\vm\classfile\systemDictionary.cpp, line 210]
Event: 29.816 Thread 0x000000001a01a800 Exception <a 'java/lang/ClassNotFoundException': javax/servlet/http/HttpServletCustomizer> (0x00000000d7f29e40) thrown at [C:\re\workspace\8-2-build-windows-amd64-cygwin\jdk8u45\3457\hotspot\src\share\vm\classfile\systemDictionary.cpp, line 210]
Event: 29.817 Thread 0x000000001a01a800 Exception <a 'java/lang/ClassNotFoundException': org/springframework/web/servlet/HttpServletBeanCustomizer> (0x00000000d7f4d840) thrown at [C:\re\workspace\8-2-build-windows-amd64-cygwin\jdk8u45\3457\hotspot\src\share\vm\classfile\systemDictionary.cpp, linÅ
GêJ—=@
Event: 29.818 Thread 0x000000001a01a800 Exception <a 'java/lang/ClassNotFoundException': org/springframework/web/servlet/FrameworkServletCustomizer> (0x00000000d80856b0) thrown at [C:\re\workspace\8-2-build-windows-amd64-cygwin\jdk8u45\3457\hotspot\src\share\vm\classfile\systemDictionary.cpp, lis÷ßì—=@
Event: 29.819 Thread 0x000000001a01a800 Exception <a 'java/lang/ClassNotFoundException': org/springframework/web/servlet/DispatcherServletCustomizer> (0x00000000d80c6bb0) thrown at [C:\re\workspace\8-2-build-windows-amd64-cygwin\jdk8u45\3457\hotspot\src\share\vm\classfile\systemDictionary.cpp, lí≈¢é3“=@
Event: 29.821 Thread 0x000000001a01a800 Exception <a 'java/lang/ClassNotFoundException': javax/servlet/ServletBeanInfo> (0x00000000d811afb8) thrown at [C:\re\workspace\8-2-build-windows-amd64-cygwin\jdk8u45\3457\hotspot\src\share\vm\classfile\systemDictionary.cpp, line 210]
Event: 29.821 Thread 0x000000001a01a800 Exception <a 'java/lang/ClassNotFoundException': javax/servlet/ServletCustomizer> (0x00000000d812c840) thrown at [C:\re\workspace\8-2-build-windows-amd64-cygwin\jdk8u45\3457\hotspot\src\share\vm\classfile\systemDictionary.cpp, line 210]
Event: 29.822 Thread 0x000000001a01a800 Exception <a 'java/lang/ClassNotFoundException': javax/servlet/ServletConfigBeanInfo> (0x00000000d8142d28) thrown at [C:\re\workspace\8-2-build-windows-amd64-cygwin\jdk8u45\3457\hotspot\src\share\vm\classfile\systemDictionary.cpp, line 210]
Event: 29.823 Thread 0x000000001a01a800 Exception <a 'java/lang/ClassNotFoundException': javax/servlet/ServletConfigCustomizer> (0x00000000d81560f0) thrown at [C:\re\workspace\8-2-build-windows-amd64-cygwin\jdk8u45\3457\hotspot\src\share\vm\classfile\systemDictionary.cpp, line 210]

Events (10 events):
Event: 30.108 loading class org/springframework/web/method/annotation/ModelFactory
Event: 30.108 loading class org/springframework/web/method/annotation/ModelFactory done
Event: 30.109 loading class org/springframework/web/method/ControllerAdviceBean
Event: 30.109 loading class org/springframework/web/method/ControllerAdviceBean done
Event: 30.109 loading class org/springframework/web/method/annotation/SessionAttributesHandler
Event: 30.109 loading class org/springframework/web/method/annotation/SessionAttributesHandler done
Event: 30.110 loading class org/springframework/web/method/support/CompositeUriComponentsContributor
Event: 30.110 loading class org/springframework/web/method/support/CompositeUriComponentsContributor done
Event: 30.111 loading class org/springframework/web/method/support/UriComponentsContributor
Event: 30.111 loading class org/springframework/web/method/support/UriComponentsContributor done


Dynamic libraries:
0x00007ff6a1ed0000 - 0x00007ff6a1f07000 	C:\Program Files\Java\jdk1.8.0_45\bin\java.exe
0x00007ffa71020000 - 0x00007ffa71210000 	C:\WINDOWS\SYSTEM32\ntdll.dll
0x00007ffa700f0000 - 0x00007ffa701a2000 	C:\WINDOWS\System32\KERNEL32.DLL
0x00007ffa6eb90000 - 0x00007ffa6ee33000 	C:\WINDOWS\System32\KERNELBASE.dll
0x00007ffa70580000 - 0x00007ffa70623000 	C:\WINDOWS\System32\ADVAPI32.dll
0x00007ffa6f490000 - 0x00007ffa6f52e000 	C:\WINDOWS\System32\msvcrt.dll
0x00007ffa70f40000 - 0x00007ffa70fd7000 	C:\WINDOWS\System32\sechost.dll
0x00007ffa6fcd0000 - 0x00007ffa6fdf0000 	C:\WINDOWS\System32\RPCRT4.dll
0x00007ffa70d30000 - 0x00007ffa70ec4000 	C:\WINDOWS\System32\USER32.dll
0x00007ffa6dfe0000 - 0x00007ffa6e001000 	C:\WINDOWS\System32\win32u.dll
0x00007ffa6ff50000 - 0x00007ffa6ff76000 	C:\WINDOWS\System32\GDI32.dll
0x00007ffa6e9f0000 - 0x00007ffa6eb84000 	C:\WINDOWS\System32\gdi32full.dll
0x00007ffa6eee0000 - 0x00007ffa6ef7e000 	C:\WINDOWS\System32\msvcp_win.dll
0x00007ffa6e010000 - 0x00007ffa6e10a000 	C:\WINDOWS\System32\ucrtbase.dll
0x00007ffa5f4c0000 - 0x00007ffa5f745000 	C:\WINDOWS\WinSxS\amd64_microsoft.windows.common-controls_6595b64144ccf1df_6.0.18362.720_none_e6beb5c51314836b\COMCTL32.dll
0x00007ffa6f150000 - 0x00007ffa6f486000 	C:\WINDOWS\System32\combase.dll
0x00007ffa6ee60000 - 0x00007ffa6eee0000 	C:\WINDOWS\System32\bcryptPrimitives.dll
0x00007ffa70450000 - 0x00007ffa7047e000 	C:\WINDOWS\System32\IMM32.DLL
0x000000005e0a0000 - 0x000000005e172000 	C:\Program Files\Java\jdk1.8.0_45\jre\bin\msvcr100.dll
0x000000005d810000 - 0x000000005e093000 	C:\Program Files\Java\jdk1.8.0_45\jre\bin\server\jvm.dll
0x00007ffa70570000 - 0x00007ffa70578000 	C:\WINDOWS\System32\PSAPI.DLL
0x00007ffa6c150000 - 0x00007ffa6c159000 	C:\WINDOWS\SYSTEM32\WSOCK32.dll
0x00007ffa6bf30000 - 0x00007ffa6bf54000 	C:\WINDOWS\SYSTEM32\WINMM.dll
0x00007ffa68440000 - 0x00007ffa6844a000 	C:\WINDOWS\SYSTEM32\VERSION.dll
0x00007ffa701b0000 - 0x00007ffa7021f000 	C:\WINDOWS\System32\WS2_32.dll
0x00007ffa6bf00000 - 0x00007ffa6bf2d000 	C:\WINDOWS\SYSTEM32\WINMMBASE.dll
0x00007ffa6e170000 - 0x00007ffa6e1ba000 	C:\WINDOWS\System32\cfgmgr32.dll
0x000000005d800000 - 0x000000005d80f000 	C:\Program Files\Java\jdk1.8.0_45\jre\bin\verify.dll
0x000000005d7d0000 - 0x000000005d7f9000 	C:\Program Files\Java\jdk1.8.0_45\jre\bin\java.dll
0x000000005d730000 - 0x000000005d753000 	C:\Program Files\Java\jdk1.8.0_45\jre\bin\instrument.dll
0x000000005d7b0000 - 0x000000005d7c6000 	C:\Program Files\Java\jdk1.8.0_45\jre\bin\zip.dll
0x00007ffa70630000 - 0x00007ffa70d15000 	C:\WINDOWS\System32\SHELL32.dll
0x00007ffa6f600000 - 0x00007ffa6f6a9000 	C:\WINDOWS\System32\shcore.dll
0x00007ffa6e270000 - 0x00007ffa6e9f0000 	C:\WINDOWS\System32\windows.storage.dll
0x00007ffa6df60000 - 0x00007ffa6df83000 	C:\WINDOWS\System32\profapi.dll
0x00007ffa6df10000 - 0x00007ffa6df5a000 	C:\WINDOWS\System32\powrprof.dll
0x00007ffa6dee0000 - 0x00007ffa6def0000 	C:\WINDOWS\System32\UMPDC.dll
0x00007ffa6ff80000 - 0x00007ffa6ffd2000 	C:\WINDOWS\System32\shlwapi.dll
0x00007ffa6def0000 - 0x00007ffa6df01000 	C:\WINDOWS\System32\kernel.appcore.dll
0x00007ffa6ee40000 - 0x00007ffa6ee57000 	C:\WINDOWS\System32\cryptsp.dll
0x00007ffa5ffc0000 - 0x00007ffa5ffda000 	C:\Program Files\JetBrains\IntelliJ IDEA 2019.2.3\bin\breakgen64.dll
0x000000005d790000 - 0x000000005d7aa000 	C:\Program Files\Java\jdk1.8.0_45\jre\bin\net.dll
0x00007ffa6d750000 - 0x00007ffa6d7b7000 	C:\WINDOWS\system32\mswsock.dll
0x00007ffa6d2c0000 - 0x00007ffa6d2f3000 	C:\WINDOWS\system32\rsaenh.dll
0x00007ffa6dfb0000 - 0x00007ffa6dfd6000 	C:\WINDOWS\System32\bcrypt.dll
0x00007ffa6de00000 - 0x00007ffa6de25000 	C:\WINDOWS\SYSTEM32\USERENV.dll
0x00007ffa6d920000 - 0x00007ffa6d92c000 	C:\WINDOWS\SYSTEM32\CRYPTBASE.dll
0x00007ffa6d460000 - 0x00007ffa6d49a000 	C:\WINDOWS\SYSTEM32\IPHLPAPI.DLL
0x00007ffa70560000 - 0x00007ffa70568000 	C:\WINDOWS\System32\NSI.dll
0x00007ffa5d940000 - 0x00007ffa5d956000 	C:\WINDOWS\SYSTEM32\dhcpcsvc6.DLL
0x00007ffa5d6a0000 - 0x00007ffa5d6bc000 	C:\WINDOWS\SYSTEM32\dhcpcsvc.DLL
0x00007ffa6d4a0000 - 0x00007ffa6d56a000 	C:\WINDOWS\SYSTEM32\DNSAPI.dll
0x000000005d770000 - 0x000000005d781000 	C:\Program Files\Java\jdk1.8.0_45\jre\bin\nio.dll
0x00007ffa66e50000 - 0x00007ffa66e5a000 	C:\Users\–§À’¬◊\AppData\Local\Temp\jansi-1.17.1-8603823913016311161.dll
0x00007ffa66df0000 - 0x00007ffa66dfa000 	C:\Users\–§À’¬◊\AppData\Local\Temp\jansi-1.17.1-7696319800895332008.dll
0x000000005d760000 - 0x000000005d76d000 	C:\Program Files\Java\jdk1.8.0_45\jre\bin\management.dll
0x00007ffa57b50000 - 0x00007ffa57b66000 	C:\WINDOWS\system32\napinsp.dll
0x00007ffa57b30000 - 0x00007ffa57b4a000 	C:\WINDOWS\system32\pnrpnsp.dll
0x00007ffa57b20000 - 0x00007ffa57b2e000 	C:\WINDOWS\System32\winrnr.dll
0x00007ffa6a630000 - 0x00007ffa6a64c000 	C:\WINDOWS\system32\NLAapi.dll
0x00007ffa57b00000 - 0x00007ffa57b15000 	C:\WINDOWS\system32\wshbth.dll
0x000000005e4c0000 - 0x000000005e4f5000 	C:\Program Files\Bonjour\mdnsNSP.dll
0x00007ffa57940000 - 0x00007ffa5794a000 	C:\Windows\System32\rasadhlp.dll
0x00007ffa5dde0000 - 0x00007ffa5de57000 	C:\WINDOWS\System32\fwpuclnt.dll

VM Arguments:
jvm_args: -Dmaven.multiModuleProjectDirectory=C:\Users\–§À’¬◊\Desktop\practice\ims_maven -Dmaven.home=C:\Program Files\JetBrains\IntelliJ IDEA 2019.2.3\plugins\maven\lib\maven3 -Dclassworlds.conf=C:\Program Files\JetBrains\IntelliJ IDEA 2019.2.3\plugins\maven\lib\maven3\bin\m2.conf -Dmaven.ext.class.path=C:\Program Files\JetBrains\IntelliJ IDEA 2019.2.3\plugins\maven\lib\maven-event-listener.jar -javaagent:C:\Program Files\JetBrains\IntelliJ IDEA 2019.2.3\lib\idea_rt.jar=52222:C:\Program Files\JetBrains\IntelliJ IDEA 2019.2.3\bin -Dfile.encoding=UTF-8 
java_command: org.codehaus.classworlds.Launcher -Didea.version2019.2.4 -s F:\apache-maven-3.6.3-bin\apache-maven-3.6.3\conf\settings.xml -Dmaven.repo.local=F:\apache-maven-3.6.3-bin\apache-maven-3.6.3\repo tomcat7:run
java_class_path (initial): C:\Program Files\JetBrains\IntelliJ IDEA 2019.2.3\plugins\maven\lib\maven3\boot\plexus-classworlds-2.6.0.jar;C:\Program Files\JetBrains\IntelliJ IDEA 2019.2.3\lib\idea_rt.jar
Launcher Type: SUN_STANDARD

Environment Variables:
JAVA_HOME=C:\Program Files\Java\jdk1.8.0_45
PATH=E:\oracle\product\10.2.0\db_1\bin;F:\MySQL\bin;C:\windows\system32;C:\Android;C:\Windows\System32;C:\WINDOWS\system32;C:\WINDOWS;C:\WINDOWS\System32\Wbem;C:\WINDOWS\System32\WindowsPowerShell\v1.0\;C:\WINDOWS\System32\OpenSSH\;C:\Program Files\dotnet\;C:\Program Files\Java\jdk1.8.0_45\bin;C:\Program Files\Java\jdk-11.0.3\bin;C:\Program Files\Java\jdk-11.0.3\jre\bin;C:\Users\–§À’¬◊\Desktop;D:\apache-tomcat-9.0.8\bin;F:\apache-maven-3.6.3-bin\apache-maven-3.6.3\bin;F:\apache-maven-3.6.3-bin\apache-maven-3.6.3\bin;C:\Users\–§À’¬◊\AppData\Local\Programs\Python\Python37-32\Scripts\;C:\Users\–§À’¬◊\AppData\Local\Programs\Python\Python37-32\;F:\MySQL\bin;C:\Users\–§À’¬◊\AppData\Local\Microsoft\WindowsApps;C:\Users\–§À’¬◊\AppData\Local\GitHubDesktop\bin;C:\Program Files\Bandizip\;C:\Program Files\Java\jdk-11.0.3\bin;
USERNAME=xiaosulun
OS=Windows_NT
PROCESSOR_IDENTIFIER=Intel64 Family 6 Model 94 Stepping 3, GenuineIntel



---------------  S Y S T E M  ---------------

OS: Windows 10.0 , 64 bit Build 18362 (10.0.18362.329)

CPU:total 4 (4 cores per cpu, 1 threads per core) family 6 model 94 stepping 3, cmov, cx8, fxsr, mmx, sse, sse2, sse3, ssse3, sse4.1, sse4.2, popcnt, avx, avx2, aes, clmul, erms, rtm, 3dnowpref, lzcnt, tsc, tscinvbit, bmi1, bmi2, adx

Memory: 4k page, physical 8247884k(919872k free), swap 8247884k(4112k free)

vm_info: Java HotSpot(TM) 64-Bit Server VM (25.45-b02) for windows-amd64 JRE (1.8.0_45-b14), built on Apr 10 2015 10:34:15 by "java_re" with MS VC++ 10.0 (VS2010)

time: Fri Apr 03 21:30:16 2020
elapsed time: 30 seconds (0d 0h 0m 30s)

