#
# There is insufficient memory for the Java Runtime Environment to continue.
# Native memory allocation (malloc) failed to allocate 2207088 bytes for Chunk::new
# Possible reasons:
#   The system is out of physical RAM or swap space
#   In 32 bit mode, the process size limit was hit
# Possible solutions:
#   Reduce memory load on the system
#   Increase physical memory or swap space
#   Check if swap backing store is full
#   Use 64 bit Java on a 64 bit OS
#   Decrease Java heap size (-Xmx/-Xms)
#   Decrease number of Java threads
#   Decrease Java thread stack sizes (-Xss)
#   Set larger code cache with -XX:ReservedCodeCacheSize=
# This output file may be truncated or incomplete.
#
#  Out of Memory Error (allocation.cpp:390), pid=3360, tid=8560
#
# JRE version: Java(TM) SE Runtime Environment (8.0_45-b14) (build 1.8.0_45-b14)
# Java VM: Java HotSpot(TM) 64-Bit Server VM (25.45-b02 mixed mode windows-amd64 compressed oops)
# Failed to write core dump. Minidumps are not enabled by default on client versions of Windows
#

---------------  T H R E A D  ---------------

Current thread (0x0000000018fbd800):  JavaThread "C2 CompilerThread0" daemon [_thread_in_native, id=8560, stack(0x0000000019490000,0x0000000019590000)]

Stack: [0x0000000019490000,0x0000000019590000]
Native frames: (J=compiled Java code, j=interpreted, Vv=VM code, C=native code)
V  [jvm.dll+0x32b57a]
V  [jvm.dll+0x279873]
V  [jvm.dll+0x27a509]
V  [jvm.dll+0x271825]
V  [jvm.dll+0xcb9e2]
V  [jvm.dll+0xcbeac]
V  [jvm.dll+0x4929e7]
V  [jvm.dll+0x45f6ff]
V  [jvm.dll+0x46a73b]
V  [jvm.dll+0x46cd52]
V  [jvm.dll+0x4500f2]
V  [jvm.dll+0xa4352]
V  [jvm.dll+0xa4c8f]
V  [jvm.dll+0x241984]
V  [jvm.dll+0x29853a]
C  [msvcr100.dll+0x21d9f]
C  [msvcr100.dll+0x21e3b]
C  [KERNEL32.DLL+0x17bd4]
C  [ntdll.dll+0x6ced1]


Current CompileTask:
C2:  37808 8207       4       org.eclipse.jdt.internal.compiler.lookup.BinaryTypeBinding::createMethod (1098 bytes)


---------------  P R O C E S S  ---------------

Java Threads: ( => current thread )
  0x000000001e2bb800 JavaThread "http-bio-8080-exec-10" daemon [_thread_blocked, id=4396, stack(0x0000000029f80000,0x000000002a080000)]
  0x000000001e2c2800 JavaThread "http-bio-8080-exec-9" daemon [_thread_blocked, id=7872, stack(0x0000000029e80000,0x0000000029f80000)]
  0x000000001e2bb000 JavaThread "http-bio-8080-exec-8" daemon [_thread_blocked, id=5756, stack(0x0000000029d80000,0x0000000029e80000)]
  0x000000001e2be800 JavaThread "http-bio-8080-exec-7" daemon [_thread_blocked, id=5792, stack(0x0000000029c80000,0x0000000029d80000)]
  0x000000001e2bc800 JavaThread "http-bio-8080-exec-6" daemon [_thread_blocked, id=7368, stack(0x0000000029b80000,0x0000000029c80000)]
  0x000000001e2be000 JavaThread "http-bio-8080-exec-5" daemon [_thread_blocked, id=6560, stack(0x0000000029880000,0x0000000029980000)]
  0x000000001e2c1800 JavaThread "http-bio-8080-exec-4" daemon [_thread_in_native, id=8196, stack(0x00000000292b0000,0x00000000293b0000)]
  0x000000001e2b7000 JavaThread "Java2D Disposer" daemon [_thread_blocked, id=5376, stack(0x0000000028e40000,0x0000000028f40000)]
  0x000000001e2ba000 JavaThread "http-bio-8080-exec-3" daemon [_thread_blocked, id=4852, stack(0x0000000028b40000,0x0000000028c40000)]
  0x000000001e2b8000 JavaThread "http-bio-8080-exec-2" daemon [_thread_blocked, id=2088, stack(0x000000001f930000,0x000000001fa30000)]
  0x000000001e2b9800 JavaThread "http-bio-8080-exec-1" daemon [_thread_blocked, id=5448, stack(0x000000001f170000,0x000000001f270000)]
  0x000000001e2bd000 JavaThread "http-bio-8080-AsyncTimeout" daemon [_thread_blocked, id=2940, stack(0x0000000028840000,0x0000000028940000)]
  0x000000001e2b6800 JavaThread "http-bio-8080-Acceptor-0" daemon [_thread_in_native, id=10836, stack(0x0000000028740000,0x0000000028840000)]
  0x000000001e2b8800 JavaThread "ContainerBackgroundProcessor[StandardEngine[Tomcat]]" daemon [_thread_blocked, id=7632, stack(0x0000000028640000,0x0000000028740000)]
  0x000000001b168800 JavaThread "cn%002exiao%002eidentity%002ebean%002e%0055ser.data" [_thread_blocked, id=10612, stack(0x0000000028340000,0x0000000028440000)]
  0x000000001b16f800 JavaThread "org%002ehibernate%002ecache%002einternal%002e%0053tandard%0051uery%0043ache.data" [_thread_blocked, id=11004, stack(0x0000000027f40000,0x0000000028040000)]
  0x000000001b16d800 JavaThread "Statistics Thread-__DEFAULT__-1" daemon [_thread_blocked, id=6312, stack(0x0000000027e40000,0x0000000027f40000)]
  0x000000001b16f000 JavaThread "org%002ehibernate%002ecache%002espi%002e%0055pdate%0054imestamps%0043ache.data" [_thread_blocked, id=9576, stack(0x0000000027d40000,0x0000000027e40000)]
  0x000000001b16c800 JavaThread "__DEFAULT__" daemon [_thread_blocked, id=12384, stack(0x0000000027c40000,0x0000000027d40000)]
  0x000000001b169800 JavaThread "C3P0PooledConnectionPoolManager[identityToken->1b612pna9t3jg3r42pq33|521796e]-HelperThread-#2" daemon [_thread_blocked, id=11652, stack(0x0000000027540000,0x0000000027640000)]
  0x000000001b16a000 JavaThread "C3P0PooledConnectionPoolManager[identityToken->1b612pna9t3jg3r42pq33|521796e]-HelperThread-#1" daemon [_thread_blocked, id=12400, stack(0x0000000027440000,0x0000000027540000)]
  0x00000000202df000 JavaThread "C3P0PooledConnectionPoolManager[identityToken->1b612pna9t3jg3r42pq33|521796e]-HelperThread-#0" daemon [_thread_blocked, id=11372, stack(0x0000000027340000,0x0000000027440000)]
  0x000000001e274800 JavaThread "C3P0PooledConnectionPoolManager[identityToken->1b612pna9t3jg3r42pq33|521796e]-AdminTaskTimer" daemon [_thread_blocked, id=8556, stack(0x0000000027240000,0x0000000027340000)]
  0x000000001c2a0000 JavaThread "mysql-cj-abandoned-connection-cleanup" daemon [_thread_blocked, id=10668, stack(0x0000000026ae0000,0x0000000026be0000)]
  0x0000000020295800 JavaThread "Thread-3" daemon [_thread_in_native, id=9276, stack(0x000000001b810000,0x000000001b910000)]
  0x000000001903d000 JavaThread "Service Thread" daemon [_thread_blocked, id=6472, stack(0x0000000019790000,0x0000000019890000)]
  0x0000000018fc6000 JavaThread "C1 CompilerThread2" daemon [_thread_blocked, id=11808, stack(0x0000000019690000,0x0000000019790000)]
  0x0000000018fc2000 JavaThread "C2 CompilerThread1" daemon [_thread_blocked, id=13160, stack(0x0000000019590000,0x0000000019690000)]
=>0x0000000018fbd800 JavaThread "C2 CompilerThread0" daemon [_thread_in_native, id=8560, stack(0x0000000019490000,0x0000000019590000)]
  0x0000000018fbc000 JavaThread "Monitor Ctrl-Break" daemon [_thread_in_native, id=5804, stack(0x0000000019390000,0x0000000019490000)]
  0x0000000017a50800 JavaThread "Attach Listener" daemon [_thread_blocked, id=1436, stack(0x0000000018e90000,0x0000000018f90000)]
  0x0000000017a38000 JavaThread "Signal Dispatcher" daemon [_thread_blocked, id=6412, stack(0x0000000018d90000,0x0000000018e90000)]
  0x0000000002f67800 JavaThread "Finalizer" daemon [_thread_blocked, id=1512, stack(0x0000000018c90000,0x0000000018d90000)]
  0x0000000002f5f800 JavaThread "Reference Handler" daemon [_thread_blocked, id=8592, stack(0x0000000018b90000,0x0000000018c90000)]
  0x0000000002e72800 JavaThread "main" [_thread_blocked, id=1592, stack(0x0000000002b80000,0x0000000002c80000)]

Other Threads:
  0x0000000017a07800 VMThread [stack: 0x0000000018a90000,0x0000000018b90000] [id=6396]
  0x0000000019050000 WatcherThread [stack: 0x0000000019890000,0x0000000019990000] [id=4704]

VM state:not at safepoint (normal execution)

VM Mutex/Monitor currently owned by a thread: None

Heap:
 PSYoungGen      total 413184K, used 10093K [0x00000000d6100000, 0x00000000f1f80000, 0x0000000100000000)
  eden space 371712K, 2% used [0x00000000d6100000,0x00000000d6adb428,0x00000000ecc00000)
  from space 41472K, 0% used [0x00000000ef480000,0x00000000ef480000,0x00000000f1d00000)
  to   space 41472K, 0% used [0x00000000ecc00000,0x00000000ecc00000,0x00000000ef480000)
 ParOldGen       total 145408K, used 43996K [0x0000000082200000, 0x000000008b000000, 0x00000000d6100000)
  object space 145408K, 30% used [0x0000000082200000,0x0000000084cf7108,0x000000008b000000)
 Metaspace       used 69402K, capacity 70926K, committed 71168K, reserved 1112064K
  class space    used 8346K, capacity 8656K, committed 8704K, reserved 1048576K

Card table byte_map: [0x0000000012330000,0x0000000012720000] byte_map_base: 0x0000000011f1f000

Marking Bits: (ParMarkBitMap*) 0x0000000054c14040
 Begin Bits: [0x0000000012dc0000, 0x0000000014d38000)
 End Bits:   [0x0000000014d38000, 0x0000000016cb0000)

Polling page: 0x0000000000bd0000

CodeCache: size=245760Kb used=21398Kb max_used=21407Kb free=224361Kb
 bounds [0x0000000002f70000, 0x0000000004470000, 0x0000000011f70000]
 total_blobs=7762 nmethods=7035 adapters=638
 compilation: enabled

Compilation events (10 events):
Event: 37.726 Thread 0x0000000018fc6000 nmethod 8384 0x000000000445bc90 code [0x000000000445be60, 0x000000000445c528]
Event: 37.726 Thread 0x0000000018fc2000 nmethod 8383 0x000000000446bc90 code [0x000000000446bde0, 0x000000000446bed8]
Event: 37.730 Thread 0x0000000018fc6000 8385       3       com.mysql.cj.protocol.a.NativePacketPayload::getCapacity (6 bytes)
Event: 37.730 Thread 0x0000000018fc6000 nmethod 8385 0x000000000446b950 code [0x000000000446baa0, 0x000000000446bbf0]
Event: 37.730 Thread 0x0000000018fc6000 8386       1       com.mysql.cj.protocol.a.result.AbstractResultsetRows::getMetadata (5 bytes)
Event: 37.730 Thread 0x0000000018fc6000 nmethod 8386 0x000000000446ad50 code [0x000000000446aea0, 0x000000000446afb0]
Event: 37.734 Thread 0x0000000018fc6000 8387       1       org.springframework.web.method.HandlerMethod::getBeanType (5 bytes)
Event: 37.734 Thread 0x0000000018fc6000 nmethod 8387 0x000000000446aa90 code [0x000000000446abe0, 0x000000000446acf0]
Event: 37.735 Thread 0x0000000018fc6000 8388       1       org.apache.catalina.LifecycleState::isAvailable (5 bytes)
Event: 37.735 Thread 0x0000000018fc6000 nmethod 8388 0x000000000446a7d0 code [0x000000000446a920, 0x000000000446aa30]

GC Heap History (10 events):
Event: 9.022 GC heap before
{Heap before GC invocations=14 (full 2):
 PSYoungGen      total 322560K, used 87022K [0x00000000d6100000, 0x00000000f1d00000, 0x0000000100000000)
  eden space 283648K, 20% used [0x00000000d6100000,0x00000000d9909cc8,0x00000000e7600000)
  from space 38912K, 76% used [0x00000000e7600000,0x00000000e92f1bd0,0x00000000e9c00000)
  to   space 41472K, 0% used [0x00000000ef480000,0x00000000ef480000,0x00000000f1d00000)
 ParOldGen       total 147456K, used 60123K [0x0000000082200000, 0x000000008b200000, 0x00000000d6100000)
  object space 147456K, 40% used [0x0000000082200000,0x0000000085cb6e68,0x000000008b200000)
 Metaspace       used 41188K, capacity 42106K, committed 42240K, reserved 1085440K
  class space    used 5079K, capacity 5310K, committed 5376K, reserved 1048576K
Event: 9.044 GC heap after
Heap after GC invocations=14 (full 2):
 PSYoungGen      total 413184K, used 5622K [0x00000000d6100000, 0x00000000f1f80000, 0x0000000100000000)
  eden space 371712K, 0% used [0x00000000d6100000,0x00000000d6100000,0x00000000ecc00000)
  from space 41472K, 13% used [0x00000000ef480000,0x00000000ef9fda28,0x00000000f1d00000)
  to   space 41472K, 0% used [0x00000000ecc00000,0x00000000ecc00000,0x00000000ef480000)
 ParOldGen       total 147456K, used 70195K [0x0000000082200000, 0x000000008b200000, 0x00000000d6100000)
  object space 147456K, 47% used [0x0000000082200000,0x000000008668cce0,0x000000008b200000)
 Metaspace       used 41188K, capacity 42106K, committed 42240K, reserved 1085440K
  class space    used 5079K, capacity 5310K, committed 5376K, reserved 1048576K
}
Event: 9.044 GC heap before
{Heap before GC invocations=15 (full 3):
 PSYoungGen      total 413184K, used 5622K [0x00000000d6100000, 0x00000000f1f80000, 0x0000000100000000)
  eden space 371712K, 0% used [0x00000000d6100000,0x00000000d6100000,0x00000000ecc00000)
  from space 41472K, 13% used [0x00000000ef480000,0x00000000ef9fda28,0x00000000f1d00000)
  to   space 41472K, 0% used [0x00000000ecc00000,0x00000000ecc00000,0x00000000ef480000)
 ParOldGen       total 147456K, used 70195K [0x0000000082200000, 0x000000008b200000, 0x00000000d6100000)
  object space 147456K, 47% used [0x0000000082200000,0x000000008668cce0,0x000000008b200000)
 Metaspace       used 41188K, capacity 42106K, committed 42240K, reserved 1085440K
  class space    used 5079K, capacity 5310K, committed 5376K, reserved 1048576K
Event: 9.220 GC heap after
Heap after GC invocations=15 (full 3):
 PSYoungGen      total 413184K, used 0K [0x00000000d6100000, 0x00000000f1f80000, 0x0000000100000000)
  eden space 371712K, 0% used [0x00000000d6100000,0x00000000d6100000,0x00000000ecc00000)
  from space 41472K, 0% used [0x00000000ef480000,0x00000000ef480000,0x00000000f1d00000)
  to   space 41472K, 0% used [0x00000000ecc00000,0x00000000ecc00000,0x00000000ef480000)
 ParOldGen       total 145408K, used 33543K [0x0000000082200000, 0x000000008b000000, 0x00000000d6100000)
  object space 145408K, 23% used [0x0000000082200000,0x00000000842c1fe8,0x000000008b000000)
 Metaspace       used 41181K, capacity 42086K, committed 42240K, reserved 1085440K
  class space    used 5077K, capacity 5306K, committed 5376K, reserved 1048576K
}
Event: 37.132 GC heap before
{Heap before GC invocations=16 (full 3):
 PSYoungGen      total 413184K, used 371712K [0x00000000d6100000, 0x00000000f1f80000, 0x0000000100000000)
  eden space 371712K, 100% used [0x00000000d6100000,0x00000000ecc00000,0x00000000ecc00000)
  from space 41472K, 0% used [0x00000000ef480000,0x00000000ef480000,0x00000000f1d00000)
  to   space 41472K, 0% used [0x00000000ecc00000,0x00000000ecc00000,0x00000000ef480000)
 ParOldGen       total 145408K, used 33543K [0x0000000082200000, 0x000000008b000000, 0x00000000d6100000)
  object space 145408K, 23% used [0x0000000082200000,0x00000000842c1fe8,0x000000008b000000)
 Metaspace       used 68216K, capacity 69702K, committed 70016K, reserved 1110016K
  class space    used 8252K, capacity 8555K, committed 8576K, reserved 1048576K
Event: 37.172 GC heap after
Heap after GC invocations=16 (full 3):
 PSYoungGen      total 413184K, used 34687K [0x00000000d6100000, 0x00000000f1f80000, 0x0000000100000000)
  eden space 371712K, 0% used [0x00000000d6100000,0x00000000d6100000,0x00000000ecc00000)
  from space 41472K, 83% used [0x00000000ecc00000,0x00000000eeddfcd0,0x00000000ef480000)
  to   space 41472K, 0% used [0x00000000ef480000,0x00000000ef480000,0x00000000f1d00000)
 ParOldGen       total 145408K, used 33551K [0x0000000082200000, 0x000000008b000000, 0x00000000d6100000)
  object space 145408K, 23% used [0x0000000082200000,0x00000000842c3fe8,0x000000008b000000)
 Metaspace       used 68216K, capacity 69702K, committed 70016K, reserved 1110016K
  class space    used 8252K, capacity 8555K, committed 8576K, reserved 1048576K
}
Event: 37.308 GC heap before
{Heap before GC invocations=17 (full 3):
 PSYoungGen      total 413184K, used 45110K [0x00000000d6100000, 0x00000000f1f80000, 0x0000000100000000)
  eden space 371712K, 2% used [0x00000000d6100000,0x00000000d6b2de40,0x00000000ecc00000)
  from space 41472K, 83% used [0x00000000ecc00000,0x00000000eeddfcd0,0x00000000ef480000)
  to   space 41472K, 0% used [0x00000000ef480000,0x00000000ef480000,0x00000000f1d00000)
 ParOldGen       total 145408K, used 33551K [0x0000000082200000, 0x000000008b000000, 0x00000000d6100000)
  object space 145408K, 23% used [0x0000000082200000,0x00000000842c3fe8,0x000000008b000000)
 Metaspace       used 68726K, capacity 70182K, committed 70400K, reserved 1112064K
  class space    used 8271K, capacity 8587K, committed 8704K, reserved 1048576K
Event: 37.334 GC heap after
Heap after GC invocations=17 (full 3):
 PSYoungGen      total 413184K, used 16332K [0x00000000d6100000, 0x00000000f1f80000, 0x0000000100000000)
  eden space 371712K, 0% used [0x00000000d6100000,0x00000000d6100000,0x00000000ecc00000)
  from space 41472K, 39% used [0x00000000ef480000,0x00000000f0473040,0x00000000f1d00000)
  to   space 41472K, 0% used [0x00000000ecc00000,0x00000000ecc00000,0x00000000ef480000)
 ParOldGen       total 145408K, used 33551K [0x0000000082200000, 0x000000008b000000, 0x00000000d6100000)
  object space 145408K, 23% used [0x0000000082200000,0x00000000842c3fe8,0x000000008b000000)
 Metaspace       used 68726K, capacity 70182K, committed 70400K, reserved 1112064K
  class space    used 8271K, capacity 8587K, committed 8704K, reserved 1048576K
}
Event: 37.334 GC heap before
{Heap before GC invocations=18 (full 4):
 PSYoungGen      total 413184K, used 16332K [0x00000000d6100000, 0x00000000f1f80000, 0x0000000100000000)
  eden space 371712K, 0% used [0x00000000d6100000,0x00000000d6100000,0x00000000ecc00000)
  from space 41472K, 39% used [0x00000000ef480000,0x00000000f0473040,0x00000000f1d00000)
  to   space 41472K, 0% used [0x00000000ecc00000,0x00000000ecc00000,0x00000000ef480000)
 ParOldGen       total 145408K, used 33551K [0x0000000082200000, 0x000000008b000000, 0x00000000d6100000)
  object space 145408K, 23% used [0x0000000082200000,0x00000000842c3fe8,0x000000008b000000)
 Metaspace       used 68726K, capacity 70182K, committed 70400K, reserved 1112064K
  class space    used 8271K, capacity 8587K, committed 8704K, reserved 1048576K
Event: 37.465 GC heap after
Heap after GC invocations=18 (full 4):
 PSYoungGen      total 413184K, used 0K [0x00000000d6100000, 0x00000000f1f80000, 0x0000000100000000)
  eden space 371712K, 0% used [0x00000000d6100000,0x00000000d6100000,0x00000000ecc00000)
  from space 41472K, 0% used [0x00000000ef480000,0x00000000ef480000,0x00000000f1d00000)
  to   space 41472K, 0% used [0x00000000ecc00000,0x00000000ecc00000,0x00000000ef480000)
 ParOldGen       total 145408K, used 43996K [0x0000000082200000, 0x000000008b000000, 0x00000000d6100000)
  object space 145408K, 30% used [0x0000000082200000,0x0000000084cf7108,0x000000008b000000)
 Metaspace       used 68709K, capacity 70150K, committed 70400K, reserved 1112064K
  class space    used 8267K, capacity 8579K, committed 8704K, reserved 1048576K
}

Deoptimization events (10 events):
Event: 36.451 Thread 0x000000001e2b8000 Uncommon trap: reason=unloaded action=reinterpret pc=0x00000000041de8b0 method=com.sun.org.apache.xerces.internal.dom.DeferredDocumentImpl.getNodeObject(I)Lcom/sun/org/apache/xerces/internal/dom/DeferredNode; @ 225
Event: 36.454 Thread 0x000000001e2b8000 Uncommon trap: reason=unstable_if action=reinterpret pc=0x00000000041e5fb0 method=com.sun.org.apache.xerces.internal.dom.DeferredTextImpl.synchronizeData()V @ 35
Event: 36.466 Thread 0x000000001e2b8000 Uncommon trap: reason=unstable_if action=reinterpret pc=0x000000000422ce78 method=com.sun.org.apache.xerces.internal.utils.XMLLimitAnalyzer.isTracking(Ljava/lang/String;)Z @ 4
Event: 36.722 Thread 0x000000001e2b8000 Uncommon trap: reason=unstable_if action=reinterpret pc=0x000000000428c3e4 method=com.sun.org.apache.xerces.internal.util.NamespaceSupport.getURI(Ljava/lang/String;)Ljava/lang/String; @ 6
Event: 36.764 Thread 0x000000001e2b8000 Uncommon trap: reason=unstable_if action=reinterpret pc=0x000000000410dd04 method=sun.nio.cs.StreamEncoder.implWrite([CII)V @ 51
Event: 36.764 Thread 0x000000001e2b8000 Uncommon trap: reason=unstable_if action=reinterpret pc=0x0000000004104b10 method=sun.nio.cs.StreamEncoder.implWrite([CII)V @ 51
Event: 37.472 Thread 0x000000001e2b8000 Uncommon trap: reason=class_check action=maybe_recompile pc=0x000000000369d52c method=java.util.HashMap.removeNode(ILjava/lang/Object;Ljava/lang/Object;ZZ)Ljava/util/HashMap$Node; @ 68
Event: 37.472 Thread 0x000000001e2b8000 Uncommon trap: reason=class_check action=maybe_recompile pc=0x000000000369d52c method=java.util.HashMap.removeNode(ILjava/lang/Object;Ljava/lang/Object;ZZ)Ljava/util/HashMap$Node; @ 68
Event: 37.472 Thread 0x000000001e2b8000 Uncommon trap: reason=class_check action=maybe_recompile pc=0x000000000369d52c method=java.util.HashMap.removeNode(ILjava/lang/Object;Ljava/lang/Object;ZZ)Ljava/util/HashMap$Node; @ 68
Event: 37.472 Thread 0x000000001e2b8000 Uncommon trap: reason=class_check action=maybe_recompile pc=0x000000000369d52c method=java.util.HashMap.removeNode(ILjava/lang/Object;Ljava/lang/Object;ZZ)Ljava/util/HashMap$Node; @ 68

Internal exceptions (10 events):
Event: 37.504 Thread 0x000000001e2b8000 Exception <a 'java/lang/ClassNotFoundException': cn/xiao/common/pager/PageModelBeanInfo> (0x00000000d62263c8) thrown at [C:\re\workspace\8-2-build-windows-amd64-cygwin\jdk8u45\3457\hotspot\src\share\vm\classfile\systemDictionary.cpp, line 210]
Event: 37.504 Thread 0x000000001e2c2800 Exception <a 'java/lang/ClassNotFoundException': cn/xiao/common/pager/PageModelBeanInfo> (0x00000000d62d7540) thrown at [C:\re\workspace\8-2-build-windows-amd64-cygwin\jdk8u45\3457\hotspot\src\share\vm\classfile\systemDictionary.cpp, line 210]
Event: 37.506 Thread 0x000000001e2b8000 Exception <a 'java/lang/ClassNotFoundException': cn/xiao/common/pager/PageModelCustomizer> (0x00000000d62431b8) thrown at [C:\re\workspace\8-2-build-windows-amd64-cygwin\jdk8u45\3457\hotspot\src\share\vm\classfile\systemDictionary.cpp, line 210]
Event: 37.506 Thread 0x000000001e2c2800 Exception <a 'java/lang/ClassNotFoundException': cn/xiao/common/pager/PageModelCustomizer> (0x00000000d62f4288) thrown at [C:\re\workspace\8-2-build-windows-amd64-cygwin\jdk8u45\3457\hotspot\src\share\vm\classfile\systemDictionary.cpp, line 210]
Event: 37.510 Thread 0x000000001e2c2800 Exception <a 'java/lang/ClassNotFoundException': javax/servlet/jsp/jstl/core/LoopTagSupport$1StatusBeanInfo> (0x00000000d632c780) thrown at [C:\re\workspace\8-2-build-windows-amd64-cygwin\jdk8u45\3457\hotspot\src\share\vm\classfile\systemDictionary.cpp, liù∫ÚY¡B@
Event: 37.511 Thread 0x000000001e2b8000 Exception <a 'java/lang/ClassNotFoundException': javax/servlet/jsp/jstl/core/LoopTagSupport$1StatusBeanInfo> (0x00000000d6289d28) thrown at [C:\re\workspace\8-2-build-windows-amd64-cygwin\jdk8u45\3457\hotspot\src\share\vm\classfile\systemDictionary.cpp, liÒM.!z¡B@
Event: 37.512 Thread 0x000000001e2c2800 Exception <a 'java/lang/ClassNotFoundException': javax/servlet/jsp/jstl/core/LoopTagSupport$1StatusCustomizer> (0x00000000d63501e8) thrown at [C:\re\workspace\8-2-build-windows-amd64-cygwin\jdk8u45\3457\hotspot\src\share\vm\classfile\systemDictionary.cpp, i’¯ñÉ¡B@
Event: 37.512 Thread 0x000000001e2b8000 Exception <a 'java/lang/ClassNotFoundException': javax/servlet/jsp/jstl/core/LoopTagSupport$1StatusCustomizer> (0x00000000d62ad6e8) thrown at [C:\re\workspace\8-2-build-windows-amd64-cygwin\jdk8u45\3457\hotspot\src\share\vm\classfile\systemDictionary.cpp, p …Q%¬B@
Event: 37.517 Thread 0x000000001e2c2800 Exception <a 'java/net/SocketException': Software caused connection abort: socket write error> (0x00000000d63745f0) thrown at [C:\re\workspace\8-2-build-windows-amd64-cygwin\jdk8u45\3457\hotspot\src\share\vm\prims\jni.cpp, line 735]
Event: 37.517 Thread 0x000000001e2c2800 Exception <a 'java/net/SocketException': Software caused connection abort: socket write error> (0x00000000d6375260) thrown at [C:\re\workspace\8-2-build-windows-amd64-cygwin\jdk8u45\3457\hotspot\src\share\vm\prims\jni.cpp, line 735]

Events (10 events):
Event: 37.728 loading class org/apache/commons/collections/keyvalue/AbstractMapEntry
Event: 37.728 loading class org/apache/commons/collections/keyvalue/AbstractMapEntry done
Event: 37.729 loading class org/apache/commons/collections/keyvalue/AbstractKeyValue
Event: 37.729 loading class org/apache/commons/collections/keyvalue/AbstractKeyValue done
Event: 37.736 Executing VM operation: RevokeBias
Event: 37.736 Executing VM operation: RevokeBias done
Event: 37.736 Executing VM operation: RevokeBias
Event: 37.738 Executing VM operation: RevokeBias done
Event: 37.738 Executing VM operation: RevokeBias
Event: 37.739 Executing VM operation: RevokeBias done


Dynamic libraries:
0x00007ff7d1490000 - 0x00007ff7d14c7000 	C:\Program Files\Java\jdk1.8.0_45\bin\java.exe
0x00007ffeccc20000 - 0x00007ffecce10000 	C:\WINDOWS\SYSTEM32\ntdll.dll
0x00007ffecc300000 - 0x00007ffecc3b2000 	C:\WINDOWS\System32\KERNEL32.DLL
0x00007ffec9bb0000 - 0x00007ffec9e53000 	C:\WINDOWS\System32\KERNELBASE.dll
0x00007ffecc110000 - 0x00007ffecc1b3000 	C:\WINDOWS\System32\ADVAPI32.dll
0x00007ffecc500000 - 0x00007ffecc59e000 	C:\WINDOWS\System32\msvcrt.dll
0x00007ffecc810000 - 0x00007ffecc8a7000 	C:\WINDOWS\System32\sechost.dll
0x00007ffecc950000 - 0x00007ffecca70000 	C:\WINDOWS\System32\RPCRT4.dll
0x00007ffecb3c0000 - 0x00007ffecb554000 	C:\WINDOWS\System32\USER32.dll
0x00007ffec9e90000 - 0x00007ffec9eb1000 	C:\WINDOWS\System32\win32u.dll
0x00007ffecbc10000 - 0x00007ffecbc36000 	C:\WINDOWS\System32\GDI32.dll
0x00007ffec9ec0000 - 0x00007ffeca054000 	C:\WINDOWS\System32\gdi32full.dll
0x00007ffeca1b0000 - 0x00007ffeca24e000 	C:\WINDOWS\System32\msvcp_win.dll
0x00007ffeca270000 - 0x00007ffeca36a000 	C:\WINDOWS\System32\ucrtbase.dll
0x00007ffebc420000 - 0x00007ffebc6a5000 	C:\WINDOWS\WinSxS\amd64_microsoft.windows.common-controls_6595b64144ccf1df_6.0.18362.720_none_e6beb5c51314836b\COMCTL32.dll
0x00007ffecbdd0000 - 0x00007ffecc106000 	C:\WINDOWS\System32\combase.dll
0x00007ffeca370000 - 0x00007ffeca3f0000 	C:\WINDOWS\System32\bcryptPrimitives.dll
0x00007ffeccbb0000 - 0x00007ffeccbde000 	C:\WINDOWS\System32\IMM32.DLL
0x0000000054ca0000 - 0x0000000054d72000 	C:\Program Files\Java\jdk1.8.0_45\jre\bin\msvcr100.dll
0x0000000054410000 - 0x0000000054c93000 	C:\Program Files\Java\jdk1.8.0_45\jre\bin\server\jvm.dll
0x00007ffecc5a0000 - 0x00007ffecc5a8000 	C:\WINDOWS\System32\PSAPI.DLL
0x00007ffec5ac0000 - 0x00007ffec5ac9000 	C:\WINDOWS\SYSTEM32\WSOCK32.dll
0x00007ffec3f40000 - 0x00007ffec3f4a000 	C:\WINDOWS\SYSTEM32\VERSION.dll
0x00007ffecbcb0000 - 0x00007ffecbd1f000 	C:\WINDOWS\System32\WS2_32.dll
0x00007ffec7a90000 - 0x00007ffec7ab4000 	C:\WINDOWS\SYSTEM32\WINMM.dll
0x00007ffec7980000 - 0x00007ffec79ad000 	C:\WINDOWS\SYSTEM32\winmmbase.dll
0x00007ffecac80000 - 0x00007ffecacca000 	C:\WINDOWS\System32\cfgmgr32.dll
0x0000000054400000 - 0x000000005440f000 	C:\Program Files\Java\jdk1.8.0_45\jre\bin\verify.dll
0x00000000543d0000 - 0x00000000543f9000 	C:\Program Files\Java\jdk1.8.0_45\jre\bin\java.dll
0x0000000054230000 - 0x0000000054253000 	C:\Program Files\Java\jdk1.8.0_45\jre\bin\instrument.dll
0x00000000543b0000 - 0x00000000543c6000 	C:\Program Files\Java\jdk1.8.0_45\jre\bin\zip.dll
0x00007ffecacd0000 - 0x00007ffecb3b5000 	C:\WINDOWS\System32\SHELL32.dll
0x00007ffecbd20000 - 0x00007ffecbdc9000 	C:\WINDOWS\System32\shcore.dll
0x00007ffeca3f0000 - 0x00007ffecab70000 	C:\WINDOWS\System32\windows.storage.dll
0x00007ffec9b80000 - 0x00007ffec9ba3000 	C:\WINDOWS\System32\profapi.dll
0x00007ffec9af0000 - 0x00007ffec9b3a000 	C:\WINDOWS\System32\powrprof.dll
0x00007ffec9ae0000 - 0x00007ffec9af0000 	C:\WINDOWS\System32\UMPDC.dll
0x00007ffecc3c0000 - 0x00007ffecc412000 	C:\WINDOWS\System32\shlwapi.dll
0x00007ffec9b60000 - 0x00007ffec9b71000 	C:\WINDOWS\System32\kernel.appcore.dll
0x00007ffeca250000 - 0x00007ffeca267000 	C:\WINDOWS\System32\cryptsp.dll
0x00007ffec35a0000 - 0x00007ffec35ba000 	C:\Program Files\JetBrains\IntelliJ IDEA 2019.2.3\bin\breakgen64.dll
0x0000000054390000 - 0x00000000543aa000 	C:\Program Files\Java\jdk1.8.0_45\jre\bin\net.dll
0x00007ffec9350000 - 0x00007ffec93b7000 	C:\WINDOWS\system32\mswsock.dll
0x00007ffec8ec0000 - 0x00007ffec8ef3000 	C:\WINDOWS\system32\rsaenh.dll
0x00007ffec9e60000 - 0x00007ffec9e86000 	C:\WINDOWS\System32\bcrypt.dll
0x00007ffec99d0000 - 0x00007ffec99f5000 	C:\WINDOWS\SYSTEM32\USERENV.dll
0x00007ffec9520000 - 0x00007ffec952c000 	C:\WINDOWS\SYSTEM32\CRYPTBASE.dll
0x00007ffec9060000 - 0x00007ffec909a000 	C:\WINDOWS\SYSTEM32\IPHLPAPI.DLL
0x00007ffecb560000 - 0x00007ffecb568000 	C:\WINDOWS\System32\NSI.dll
0x00007ffebaf70000 - 0x00007ffebaf86000 	C:\WINDOWS\SYSTEM32\dhcpcsvc6.DLL
0x00007ffebaf50000 - 0x00007ffebaf6c000 	C:\WINDOWS\SYSTEM32\dhcpcsvc.DLL
0x00007ffec90a0000 - 0x00007ffec916a000 	C:\WINDOWS\SYSTEM32\DNSAPI.dll
0x0000000054370000 - 0x0000000054381000 	C:\Program Files\Java\jdk1.8.0_45\jre\bin\nio.dll
0x00007ffec3590000 - 0x00007ffec359a000 	C:\Users\–§À’¬◊\AppData\Local\Temp\jansi-1.17.1-2567386588357676789.dll
0x00007ffec2d90000 - 0x00007ffec2d9a000 	C:\Users\–§À’¬◊\AppData\Local\Temp\jansi-1.17.1-5821477086390289666.dll
0x0000000054220000 - 0x000000005422d000 	C:\Program Files\Java\jdk1.8.0_45\jre\bin\management.dll
0x00007ffeb2580000 - 0x00007ffeb2596000 	C:\WINDOWS\system32\napinsp.dll
0x00007ffeb2560000 - 0x00007ffeb257a000 	C:\WINDOWS\system32\pnrpnsp.dll
0x00007ffeb2550000 - 0x00007ffeb255e000 	C:\WINDOWS\System32\winrnr.dll
0x00007ffec6340000 - 0x00007ffec635c000 	C:\WINDOWS\system32\NLAapi.dll
0x00007ffeb2530000 - 0x00007ffeb2545000 	C:\WINDOWS\system32\wshbth.dll
0x00000000550c0000 - 0x00000000550f5000 	C:\Program Files\Bonjour\mdnsNSP.dll
0x00007ffeb24a0000 - 0x00007ffeb24aa000 	C:\Windows\System32\rasadhlp.dll
0x00007ffebaf90000 - 0x00007ffebb007000 	C:\WINDOWS\System32\fwpuclnt.dll
0x0000000054080000 - 0x0000000054218000 	C:\Program Files\Java\jdk1.8.0_45\jre\bin\awt.dll
0x00007ffecb570000 - 0x00007ffecb634000 	C:\WINDOWS\System32\OLEAUT32.dll
0x00007ffec7d30000 - 0x00007ffec7dbf000 	C:\WINDOWS\SYSTEM32\apphelp.dll
0x00007ffec8390000 - 0x00007ffec83bd000 	C:\WINDOWS\system32\DWMAPI.DLL
0x00007ffec7e60000 - 0x00007ffec7ef9000 	C:\WINDOWS\system32\uxtheme.dll
0x0000000054030000 - 0x0000000054077000 	C:\Program Files\Java\jdk1.8.0_45\jre\bin\fontmanager.dll
0x0000000053fe0000 - 0x0000000054021000 	C:\Program Files\Java\jdk1.8.0_45\jre\bin\t2k.dll
0x00007ffeb5990000 - 0x00007ffeb5b84000 	C:\WINDOWS\SYSTEM32\dbghelp.dll

VM Arguments:
jvm_args: -Dmaven.multiModuleProjectDirectory=C:\Users\–§À’¬◊\Desktop\practice\ims_maven -Dmaven.home=C:\Program Files\JetBrains\IntelliJ IDEA 2019.2.3\plugins\maven\lib\maven3 -Dclassworlds.conf=C:\Program Files\JetBrains\IntelliJ IDEA 2019.2.3\plugins\maven\lib\maven3\bin\m2.conf -Dmaven.ext.class.path=C:\Program Files\JetBrains\IntelliJ IDEA 2019.2.3\plugins\maven\lib\maven-event-listener.jar -javaagent:C:\Program Files\JetBrains\IntelliJ IDEA 2019.2.3\lib\idea_rt.jar=49234:C:\Program Files\JetBrains\IntelliJ IDEA 2019.2.3\bin -Dfile.encoding=UTF-8 
java_command: org.codehaus.classworlds.Launcher -Didea.version2019.2.4 -s F:\apache-maven-3.6.3-bin\apache-maven-3.6.3\conf\settings.xml -Dmaven.repo.local=F:\apache-maven-3.6.3-bin\apache-maven-3.6.3\repo tomcat7:run
java_class_path (initial): C:\Program Files\JetBrains\IntelliJ IDEA 2019.2.3\plugins\maven\lib\maven3\boot\plexus-classworlds-2.6.0.jar;C:\Program Files\JetBrains\IntelliJ IDEA 2019.2.3\lib\idea_rt.jar
Launcher Type: SUN_STANDARD

Environment Variables:
JAVA_HOME=C:\Program Files\Java\jdk1.8.0_45
PATH=E:\oracle\product\10.2.0\db_1\bin;F:\MySQL\bin;C:\windows\system32;C:\Android;C:\Windows\System32;C:\WINDOWS\system32;C:\WINDOWS;C:\WINDOWS\System32\Wbem;C:\WINDOWS\System32\WindowsPowerShell\v1.0\;C:\WINDOWS\System32\OpenSSH\;C:\Program Files\dotnet\;C:\Program Files\Java\jdk1.8.0_45\bin;C:\Program Files\Java\jdk1.8.0_45\bin;C:\Program Files\Java\jdk1.8.0_45\jre\bin;C:\Users\–§À’¬◊\Desktop;D:\apache-tomcat-9.0.8\bin;F:\apache-maven-3.6.3-bin\apache-maven-3.6.3\bin;F:\apache-maven-3.6.3-bin\apache-maven-3.6.3\bin;C:\Users\–§À’¬◊\AppData\Local\Programs\Python\Python37-32\Scripts\;C:\Users\–§À’¬◊\AppData\Local\Programs\Python\Python37-32\;F:\MySQL\bin;C:\Users\–§À’¬◊\AppData\Local\Microsoft\WindowsApps;C:\Users\–§À’¬◊\AppData\Local\GitHubDesktop\bin;C:\Program Files\Bandizip\;C:\Program Files\Java\jdk-11.0.3\bin;
USERNAME=xiaosulun
OS=Windows_NT
PROCESSOR_IDENTIFIER=Intel64 Family 6 Model 94 Stepping 3, GenuineIntel



---------------  S Y S T E M  ---------------

OS: Windows 10.0 , 64 bit Build 18362 (10.0.18362.329)

CPU:total 4 (4 cores per cpu, 1 threads per core) family 6 model 94 stepping 3, cmov, cx8, fxsr, mmx, sse, sse2, sse3, ssse3, sse4.1, sse4.2, popcnt, avx, avx2, aes, clmul, erms, rtm, 3dnowpref, lzcnt, tsc, tscinvbit, bmi1, bmi2, adx

Memory: 4k page, physical 8247884k(540412k free), swap 8247884k(5120k free)

vm_info: Java HotSpot(TM) 64-Bit Server VM (25.45-b02) for windows-amd64 JRE (1.8.0_45-b14), built on Apr 10 2015 10:34:15 by "java_re" with MS VC++ 10.0 (VS2010)

time: Sat Apr 11 18:53:47 2020
elapsed time: 37 seconds (0d 0h 0m 37s)

